{"/home/travis/build/npmtest/node-npmtest-static-server/test.js":{"path":"/home/travis/build/npmtest/node-npmtest-static-server/test.js","s":{"1":2,"2":2,"3":2,"4":2,"5":2,"6":2,"7":2,"8":1,"9":2,"10":2,"11":1,"12":1,"13":1,"14":1,"15":2,"16":2,"17":2,"18":2,"19":1,"20":1,"21":2,"22":2,"23":2,"24":1,"25":1,"26":1,"27":1,"28":1,"29":1,"30":1,"31":1,"32":1,"33":1,"34":1,"35":1,"36":1,"37":2,"38":2,"39":1,"40":2,"41":2,"42":1,"43":2,"44":2,"45":1,"46":2,"47":2,"48":1,"49":1,"50":1,"51":1,"52":1},"b":{"1":[2,1,1,1],"2":[1,1,1,1],"3":[1,1],"4":[1,1],"5":[1,1],"6":[1,1],"7":[1,1],"8":[1,1],"9":[1,1,1],"10":[1,1],"11":[1,1],"12":[1,1],"13":[1,1],"14":[1,1],"15":[1,1],"16":[1,1]},"f":{"1":2,"2":2,"3":2,"4":2,"5":2,"6":1,"7":1,"8":2,"9":2,"10":2,"11":2,"12":1},"fnMap":{"1":{"name":"(anonymous_1)","line":12,"loc":{"start":{"line":12,"column":1},"end":{"line":12,"column":13}}},"2":{"name":"(anonymous_2)","line":19,"loc":{"start":{"line":19,"column":5},"end":{"line":19,"column":17}}},"3":{"name":"(anonymous_3)","line":23,"loc":{"start":{"line":23,"column":24},"end":{"line":23,"column":36}}},"4":{"name":"(anonymous_4)","line":61,"loc":{"start":{"line":61,"column":5},"end":{"line":61,"column":17}}},"5":{"name":"(anonymous_5)","line":82,"loc":{"start":{"line":82,"column":5},"end":{"line":82,"column":17}}},"6":{"name":"(anonymous_6)","line":102,"loc":{"start":{"line":102,"column":83},"end":{"line":105,"column":10}},"skip":true},"7":{"name":"(anonymous_7)","line":113,"loc":{"start":{"line":113,"column":77},"end":{"line":116,"column":10}},"skip":true},"8":{"name":"(anonymous_8)","line":129,"loc":{"start":{"line":129,"column":12},"end":{"line":129,"column":40}},"skip":true},"9":{"name":"(anonymous_9)","line":137,"loc":{"start":{"line":137,"column":77},"end":{"line":140,"column":10}},"skip":true},"10":{"name":"(anonymous_10)","line":148,"loc":{"start":{"line":148,"column":83},"end":{"line":151,"column":10}},"skip":true},"11":{"name":"(anonymous_11)","line":159,"loc":{"start":{"line":159,"column":79},"end":{"line":162,"column":10}},"skip":true},"12":{"name":"(anonymous_12)","line":170,"loc":{"start":{"line":170,"column":75},"end":{"line":173,"column":10}},"skip":true}},"statementMap":{"1":{"start":{"line":12,"column":0},"end":{"line":185,"column":5}},"2":{"start":{"line":14,"column":4},"end":{"line":14,"column":14}},"3":{"start":{"line":19,"column":4},"end":{"line":56,"column":9}},"4":{"start":{"line":21,"column":8},"end":{"line":21,"column":19}},"5":{"start":{"line":23,"column":8},"end":{"line":35,"column":13}},"6":{"start":{"line":24,"column":12},"end":{"line":34,"column":13}},"7":{"start":{"line":25,"column":16},"end":{"line":28,"column":30}},"8":{"start":{"line":30,"column":16},"end":{"line":33,"column":27}},"9":{"start":{"line":37,"column":8},"end":{"line":39,"column":21}},"10":{"start":{"line":40,"column":8},"end":{"line":53,"column":9}},"11":{"start":{"line":43,"column":12},"end":{"line":46,"column":14}},"12":{"start":{"line":47,"column":12},"end":{"line":47,"column":18}},"13":{"start":{"line":50,"column":12},"end":{"line":51,"column":46}},"14":{"start":{"line":52,"column":12},"end":{"line":52,"column":18}},"15":{"start":{"line":55,"column":8},"end":{"line":55,"column":35}},"16":{"start":{"line":61,"column":4},"end":{"line":63,"column":9}},"17":{"start":{"line":62,"column":8},"end":{"line":62,"column":15}},"18":{"start":{"line":64,"column":4},"end":{"line":77,"column":5}},"19":{"start":{"line":70,"column":8},"end":{"line":70,"column":14}},"20":{"start":{"line":76,"column":8},"end":{"line":76,"column":14}},"21":{"start":{"line":82,"column":4},"end":{"line":84,"column":9}},"22":{"start":{"line":83,"column":8},"end":{"line":83,"column":15}},"23":{"start":{"line":85,"column":4},"end":{"line":184,"column":5}},"24":{"start":{"line":92,"column":8},"end":{"line":94,"column":63}},"25":{"start":{"line":95,"column":8},"end":{"line":95,"column":14}},"26":{"start":{"line":102,"column":8},"end":{"line":111,"column":10},"skip":true},"27":{"start":{"line":109,"column":12},"end":{"line":109,"column":55},"skip":true},"28":{"start":{"line":110,"column":12},"end":{"line":110,"column":48},"skip":true},"29":{"start":{"line":113,"column":8},"end":{"line":126,"column":10},"skip":true},"30":{"start":{"line":120,"column":12},"end":{"line":120,"column":76},"skip":true},"31":{"start":{"line":121,"column":12},"end":{"line":121,"column":73},"skip":true},"32":{"start":{"line":122,"column":12},"end":{"line":122,"column":74},"skip":true},"33":{"start":{"line":123,"column":12},"end":{"line":123,"column":79},"skip":true},"34":{"start":{"line":124,"column":12},"end":{"line":124,"column":25},"skip":true},"35":{"start":{"line":125,"column":12},"end":{"line":125,"column":45},"skip":true},"36":{"start":{"line":128,"column":8},"end":{"line":135,"column":14},"skip":true},"37":{"start":{"line":133,"column":16},"end":{"line":133,"column":29},"skip":true},"38":{"start":{"line":134,"column":16},"end":{"line":134,"column":55},"skip":true},"39":{"start":{"line":137,"column":8},"end":{"line":146,"column":10},"skip":true},"40":{"start":{"line":144,"column":12},"end":{"line":144,"column":25},"skip":true},"41":{"start":{"line":145,"column":12},"end":{"line":145,"column":45},"skip":true},"42":{"start":{"line":148,"column":8},"end":{"line":157,"column":10},"skip":true},"43":{"start":{"line":155,"column":12},"end":{"line":155,"column":25},"skip":true},"44":{"start":{"line":156,"column":12},"end":{"line":156,"column":48},"skip":true},"45":{"start":{"line":159,"column":8},"end":{"line":168,"column":10},"skip":true},"46":{"start":{"line":166,"column":12},"end":{"line":166,"column":25},"skip":true},"47":{"start":{"line":167,"column":12},"end":{"line":167,"column":46},"skip":true},"48":{"start":{"line":170,"column":8},"end":{"line":179,"column":10},"skip":true},"49":{"start":{"line":177,"column":12},"end":{"line":177,"column":94},"skip":true},"50":{"start":{"line":178,"column":12},"end":{"line":178,"column":48},"skip":true},"51":{"start":{"line":182,"column":8},"end":{"line":182,"column":35},"skip":true},"52":{"start":{"line":183,"column":8},"end":{"line":183,"column":14},"skip":true}},"branchMap":{"1":{"line":25,"type":"binary-expr","locations":[{"start":{"line":25,"column":23},"end":{"line":25,"column":62}},{"start":{"line":26,"column":20},"end":{"line":26,"column":70}},{"start":{"line":27,"column":20},"end":{"line":27,"column":71}},{"start":{"line":28,"column":20},"end":{"line":28,"column":29}}]},"2":{"line":30,"type":"binary-expr","locations":[{"start":{"line":30,"column":23},"end":{"line":30,"column":37}},{"start":{"line":31,"column":20},"end":{"line":31,"column":61}},{"start":{"line":32,"column":20},"end":{"line":32,"column":70}},{"start":{"line":33,"column":20},"end":{"line":33,"column":26}}]},"3":{"line":37,"type":"cond-expr","locations":[{"start":{"line":38,"column":14},"end":{"line":38,"column":20}},{"start":{"line":39,"column":14},"end":{"line":39,"column":20}}]},"4":{"line":40,"type":"switch","locations":[{"start":{"line":42,"column":8},"end":{"line":47,"column":18}},{"start":{"line":49,"column":8},"end":{"line":52,"column":18}}]},"5":{"line":44,"type":"binary-expr","locations":[{"start":{"line":44,"column":16},"end":{"line":44,"column":44}},{"start":{"line":44,"column":48},"end":{"line":44,"column":66}}]},"6":{"line":50,"type":"binary-expr","locations":[{"start":{"line":50,"column":21},"end":{"line":50,"column":49}},{"start":{"line":50,"column":53},"end":{"line":50,"column":72}}]},"7":{"line":64,"type":"switch","locations":[{"start":{"line":69,"column":4},"end":{"line":70,"column":14}},{"start":{"line":75,"column":4},"end":{"line":76,"column":14}}]},"8":{"line":85,"type":"switch","locations":[{"start":{"line":90,"column":4},"end":{"line":95,"column":14}},{"start":{"line":101,"column":4},"end":{"line":183,"column":14},"skip":true}]},"9":{"line":92,"type":"binary-expr","locations":[{"start":{"line":92,"column":18},"end":{"line":92,"column":32}},{"start":{"line":93,"column":12},"end":{"line":93,"column":53}},{"start":{"line":94,"column":12},"end":{"line":94,"column":61}}]},"10":{"line":102,"type":"binary-expr","locations":[{"start":{"line":102,"column":45},"end":{"line":102,"column":79},"skip":true},{"start":{"line":102,"column":83},"end":{"line":111,"column":9},"skip":true}]},"11":{"line":113,"type":"binary-expr","locations":[{"start":{"line":113,"column":42},"end":{"line":113,"column":73},"skip":true},{"start":{"line":113,"column":77},"end":{"line":126,"column":9},"skip":true}]},"12":{"line":128,"type":"binary-expr","locations":[{"start":{"line":128,"column":48},"end":{"line":128,"column":85},"skip":true},{"start":{"line":129,"column":12},"end":{"line":135,"column":13},"skip":true}]},"13":{"line":137,"type":"binary-expr","locations":[{"start":{"line":137,"column":42},"end":{"line":137,"column":73},"skip":true},{"start":{"line":137,"column":77},"end":{"line":146,"column":9},"skip":true}]},"14":{"line":148,"type":"binary-expr","locations":[{"start":{"line":148,"column":45},"end":{"line":148,"column":79},"skip":true},{"start":{"line":148,"column":83},"end":{"line":157,"column":9},"skip":true}]},"15":{"line":159,"type":"binary-expr","locations":[{"start":{"line":159,"column":43},"end":{"line":159,"column":75},"skip":true},{"start":{"line":159,"column":79},"end":{"line":168,"column":9},"skip":true}]},"16":{"line":170,"type":"binary-expr","locations":[{"start":{"line":170,"column":41},"end":{"line":170,"column":71},"skip":true},{"start":{"line":170,"column":75},"end":{"line":179,"column":9},"skip":true}]}},"code":["/* istanbul instrument in package npmtest_static_server */","/*jslint","    bitwise: true,","    browser: true,","    maxerr: 8,","    maxlen: 96,","    node: true,","    nomen: true,","    regexp: true,","    stupid: true","*/","(function () {","    'use strict';","    var local;","","","","    // run shared js-env code - pre-init","    (function () {","        // init local","        local = {};","        // init modeJs","        local.modeJs = (function () {","            try {","                return typeof navigator.userAgent === 'string' &&","                    typeof document.querySelector('body') === 'object' &&","                    typeof XMLHttpRequest.prototype.open === 'function' &&","                    'browser';","            } catch (errorCaughtBrowser) {","                return module.exports &&","                    typeof process.versions.node === 'string' &&","                    typeof require('http').createServer === 'function' &&","                    'node';","            }","        }());","        // init global","        local.global = local.modeJs === 'browser'","            ? window","            : global;","        switch (local.modeJs) {","        // re-init local from window.local","        case 'browser':","            local = local.global.utility2.objectSetDefault(","                local.global.utility2_rollup || local.global.local,","                local.global.utility2","            );","            break;","        // re-init local from example.js","        case 'node':","            local = (local.global.utility2_rollup || require('utility2'))","                .requireExampleJsFromReadme();","            break;","        }","        // export local","        local.global.local = local;","    }());","","","","    // run shared js-env code - function","    (function () {","        return;","    }());","    switch (local.modeJs) {","","","","    // run browser js-env code - function","    case 'browser':","        break;","","","","    // run node js-env code - function","    case 'node':","        break;","    }","","","","    // run shared js-env code - post-init","    (function () {","        return;","    }());","    switch (local.modeJs) {","","","","    // run browser js-env code - post-init","    case 'browser':","        // run tests","        local.nop(local.modeTest &&","            document.querySelector('#testRunButton1') &&","            document.querySelector('#testRunButton1').click());","        break;","","","","    // run node js-env code - post-init","    /* istanbul ignore next */","    case 'node':","        local.testCase_buildApidoc_default = local.testCase_buildApidoc_default || function (","            options,","            onError","        ) {","        /*","         * this function will test buildApidoc's default handling-behavior-behavior","         */","            options = { modulePathList: module.paths };","            local.buildApidoc(options, onError);","        };","","        local.testCase_buildApp_default = local.testCase_buildApp_default || function (","            options,","            onError","        ) {","        /*","         * this function will test buildApp's default handling-behavior-behavior","         */","            local.testCase_buildReadme_default(options, local.onErrorThrow);","            local.testCase_buildLib_default(options, local.onErrorThrow);","            local.testCase_buildTest_default(options, local.onErrorThrow);","            local.testCase_buildCustomOrg_default(options, local.onErrorThrow);","            options = [];","            local.buildApp(options, onError);","        };","","        local.testCase_buildCustomOrg_default = local.testCase_buildCustomOrg_default ||","            function (options, onError) {","            /*","             * this function will test buildCustomOrg's default handling-behavior","             */","                options = {};","                local.buildCustomOrg(options, onError);","            };","","        local.testCase_buildLib_default = local.testCase_buildLib_default || function (","            options,","            onError","        ) {","        /*","         * this function will test buildLib's default handling-behavior","         */","            options = {};","            local.buildLib(options, onError);","        };","","        local.testCase_buildReadme_default = local.testCase_buildReadme_default || function (","            options,","            onError","        ) {","        /*","         * this function will test buildReadme's default handling-behavior-behavior","         */","            options = {};","            local.buildReadme(options, onError);","        };","","        local.testCase_buildTest_default = local.testCase_buildTest_default || function (","            options,","            onError","        ) {","        /*","         * this function will test buildTest's default handling-behavior","         */","            options = {};","            local.buildTest(options, onError);","        };","","        local.testCase_webpage_default = local.testCase_webpage_default || function (","            options,","            onError","        ) {","        /*","         * this function will test webpage's default handling-behavior","         */","            options = { modeCoverageMerge: true, url: local.serverLocalHost + '?modeTest=1' };","            local.browserTest(options, onError);","        };","","        // run test-server","        local.testRunServer(local);","        break;","    }","}());",""],"l":{"12":2,"14":2,"19":2,"21":2,"23":2,"24":2,"25":2,"30":1,"37":2,"40":2,"43":1,"47":1,"50":1,"52":1,"55":2,"61":2,"62":2,"64":2,"70":1,"76":1,"82":2,"83":2,"85":2,"92":1,"95":1,"102":1,"109":1,"110":1,"113":1,"120":1,"121":1,"122":1,"123":1,"124":1,"125":1,"128":1,"133":2,"134":2,"137":1,"144":2,"145":2,"148":1,"155":2,"156":2,"159":1,"166":2,"167":2,"170":1,"177":1,"178":1,"182":1,"183":1}},"/home/travis/build/npmtest/node-npmtest-static-server/lib.npmtest_static_server.js":{"path":"/home/travis/build/npmtest/node-npmtest-static-server/lib.npmtest_static_server.js","s":{"1":2,"2":2,"3":2,"4":2,"5":2,"6":2,"7":2,"8":1,"9":2,"10":2,"11":2,"12":2,"13":1,"14":1,"15":1,"16":1},"b":{"1":[2,1,1,1],"2":[1,1,1,1],"3":[1,1],"4":[2,2],"5":[1,1]},"f":{"1":2,"2":2,"3":2},"fnMap":{"1":{"name":"(anonymous_1)","line":12,"loc":{"start":{"line":12,"column":1},"end":{"line":12,"column":13}}},"2":{"name":"(anonymous_2)","line":19,"loc":{"start":{"line":19,"column":5},"end":{"line":19,"column":17}}},"3":{"name":"(anonymous_3)","line":23,"loc":{"start":{"line":23,"column":24},"end":{"line":23,"column":36}}}},"statementMap":{"1":{"start":{"line":12,"column":0},"end":{"line":53,"column":5}},"2":{"start":{"line":14,"column":4},"end":{"line":14,"column":14}},"3":{"start":{"line":19,"column":4},"end":{"line":52,"column":9}},"4":{"start":{"line":21,"column":8},"end":{"line":21,"column":19}},"5":{"start":{"line":23,"column":8},"end":{"line":35,"column":13}},"6":{"start":{"line":24,"column":12},"end":{"line":34,"column":13}},"7":{"start":{"line":25,"column":16},"end":{"line":28,"column":30}},"8":{"start":{"line":30,"column":16},"end":{"line":33,"column":27}},"9":{"start":{"line":37,"column":8},"end":{"line":39,"column":21}},"10":{"start":{"line":41,"column":8},"end":{"line":41,"column":54}},"11":{"start":{"line":43,"column":8},"end":{"line":43,"column":58}},"12":{"start":{"line":45,"column":8},"end":{"line":51,"column":9}},"13":{"start":{"line":46,"column":12},"end":{"line":46,"column":64}},"14":{"start":{"line":48,"column":12},"end":{"line":48,"column":35}},"15":{"start":{"line":49,"column":12},"end":{"line":49,"column":49}},"16":{"start":{"line":50,"column":12},"end":{"line":50,"column":43}}},"branchMap":{"1":{"line":25,"type":"binary-expr","locations":[{"start":{"line":25,"column":23},"end":{"line":25,"column":62}},{"start":{"line":26,"column":20},"end":{"line":26,"column":70}},{"start":{"line":27,"column":20},"end":{"line":27,"column":71}},{"start":{"line":28,"column":20},"end":{"line":28,"column":29}}]},"2":{"line":30,"type":"binary-expr","locations":[{"start":{"line":30,"column":23},"end":{"line":30,"column":37}},{"start":{"line":31,"column":20},"end":{"line":31,"column":61}},{"start":{"line":32,"column":20},"end":{"line":32,"column":70}},{"start":{"line":33,"column":20},"end":{"line":33,"column":26}}]},"3":{"line":37,"type":"cond-expr","locations":[{"start":{"line":38,"column":14},"end":{"line":38,"column":20}},{"start":{"line":39,"column":14},"end":{"line":39,"column":20}}]},"4":{"line":41,"type":"binary-expr","locations":[{"start":{"line":41,"column":16},"end":{"line":41,"column":44}},{"start":{"line":41,"column":48},"end":{"line":41,"column":53}}]},"5":{"line":45,"type":"if","locations":[{"start":{"line":45,"column":8},"end":{"line":45,"column":8}},{"start":{"line":45,"column":8},"end":{"line":45,"column":8}}]}},"code":["/* istanbul instrument in package npmtest_static_server */","/*jslint","    bitwise: true,","    browser: true,","    maxerr: 8,","    maxlen: 96,","    node: true,","    nomen: true,","    regexp: true,","    stupid: true","*/","(function () {","    'use strict';","    var local;","","","","    // run shared js-env code - pre-init","    (function () {","        // init local","        local = {};","        // init modeJs","        local.modeJs = (function () {","            try {","                return typeof navigator.userAgent === 'string' &&","                    typeof document.querySelector('body') === 'object' &&","                    typeof XMLHttpRequest.prototype.open === 'function' &&","                    'browser';","            } catch (errorCaughtBrowser) {","                return module.exports &&","                    typeof process.versions.node === 'string' &&","                    typeof require('http').createServer === 'function' &&","                    'node';","            }","        }());","        // init global","        local.global = local.modeJs === 'browser'","            ? window","            : global;","        // init utility2_rollup","        local = local.global.utility2_rollup || local;","        // init lib","        local.local = local.npmtest_static_server = local;","        // init exports","        if (local.modeJs === 'browser') {","            local.global.utility2_npmtest_static_server = local;","        } else {","            module.exports = local;","            module.exports.__dirname = __dirname;","            module.exports.module = module;","        }","    }());","}());",""],"l":{"12":2,"14":2,"19":2,"21":2,"23":2,"24":2,"25":2,"30":1,"37":2,"41":2,"43":2,"45":2,"46":1,"48":1,"49":1,"50":1}},"/home/travis/build/npmtest/node-npmtest-static-server/example.js":{"path":"/home/travis/build/npmtest/node-npmtest-static-server/example.js","s":{"1":2,"2":2,"3":2,"4":2,"5":2,"6":2,"7":2,"8":1,"9":2,"10":2,"11":2,"12":2,"13":1,"14":2,"15":2,"16":2,"17":2,"18":2,"19":0,"20":2,"21":1,"22":1,"23":1,"24":1,"25":1,"26":0,"27":0,"28":1,"29":1,"30":2,"31":0,"32":0,"33":0,"34":1,"35":2,"36":2,"37":2,"38":2,"39":2,"40":2,"41":0,"42":2,"43":2,"44":2,"45":1,"46":3,"47":1,"48":1,"49":1,"50":1,"51":1,"52":1,"53":1,"54":1,"55":1,"56":1,"57":0,"58":1,"59":6,"60":6,"61":1,"62":2,"63":0,"64":2,"65":1,"66":1,"67":0,"68":0,"69":0,"70":0,"71":0,"72":0,"73":0,"74":0,"75":0,"76":0,"77":0,"78":0,"79":0,"80":0,"81":0,"82":0,"83":0},"b":{"1":[2,1,1,1],"2":[1,1,1,1],"3":[1,1],"4":[2,2],"5":[1,1],"6":[1,1],"7":[2,0],"8":[2,1,1,1,1,1],"9":[0,2,0],"10":[1,1],"11":[2,1,1],"12":[1,0],"13":[0,2],"14":[2,0,0,0,0,0,0],"15":[0,2],"16":[2,0],"17":[1,1],"18":[0,1],"19":[1,2,0,2],"20":[1,0],"21":[1,1],"22":[0,0],"23":[0,0],"24":[0,0],"25":[0,0],"26":[0,0],"27":[0,0],"28":[0,0]},"f":{"1":2,"2":2,"3":2,"4":2,"5":2,"6":2,"7":2,"8":2,"9":3,"10":1,"11":6,"12":0},"fnMap":{"1":{"name":"(anonymous_1)","line":26,"loc":{"start":{"line":26,"column":1},"end":{"line":26,"column":13}}},"2":{"name":"(anonymous_2)","line":33,"loc":{"start":{"line":33,"column":5},"end":{"line":33,"column":17}}},"3":{"name":"(anonymous_3)","line":37,"loc":{"start":{"line":37,"column":24},"end":{"line":37,"column":36}}},"4":{"name":"(anonymous_4)","line":69,"loc":{"start":{"line":69,"column":31},"end":{"line":69,"column":48}},"skip":true},"5":{"name":"(anonymous_5)","line":78,"loc":{"start":{"line":78,"column":26},"end":{"line":78,"column":45}},"skip":true},"6":{"name":"(anonymous_6)","line":123,"loc":{"start":{"line":123,"column":33},"end":{"line":123,"column":48}},"skip":true},"7":{"name":"(anonymous_7)","line":125,"loc":{"start":{"line":125,"column":27},"end":{"line":125,"column":39}},"skip":true},"8":{"name":"(anonymous_8)","line":133,"loc":{"start":{"line":133,"column":59},"end":{"line":133,"column":74}},"skip":true},"9":{"name":"(anonymous_9)","line":143,"loc":{"start":{"line":143,"column":45},"end":{"line":143,"column":62}},"skip":true},"10":{"name":"(anonymous_10)","line":144,"loc":{"start":{"line":144,"column":73},"end":{"line":144,"column":92}},"skip":true},"11":{"name":"(anonymous_11)","line":272,"loc":{"start":{"line":272,"column":51},"end":{"line":272,"column":77}},"skip":true},"12":{"name":"(anonymous_12)","line":314,"loc":{"start":{"line":314,"column":32},"end":{"line":314,"column":61}},"skip":true}},"statementMap":{"1":{"start":{"line":26,"column":0},"end":{"line":325,"column":5}},"2":{"start":{"line":28,"column":4},"end":{"line":28,"column":14}},"3":{"start":{"line":33,"column":4},"end":{"line":60,"column":9}},"4":{"start":{"line":35,"column":8},"end":{"line":35,"column":19}},"5":{"start":{"line":37,"column":8},"end":{"line":49,"column":13}},"6":{"start":{"line":38,"column":12},"end":{"line":48,"column":13}},"7":{"start":{"line":39,"column":16},"end":{"line":42,"column":30}},"8":{"start":{"line":44,"column":16},"end":{"line":47,"column":27}},"9":{"start":{"line":51,"column":8},"end":{"line":53,"column":21}},"10":{"start":{"line":55,"column":8},"end":{"line":57,"column":45}},"11":{"start":{"line":59,"column":8},"end":{"line":59,"column":35}},"12":{"start":{"line":61,"column":4},"end":{"line":324,"column":5}},"13":{"start":{"line":69,"column":8},"end":{"line":121,"column":10},"skip":true},"14":{"start":{"line":70,"column":12},"end":{"line":88,"column":13},"skip":true},"15":{"start":{"line":76,"column":16},"end":{"line":87,"column":19},"skip":true},"16":{"start":{"line":79,"column":20},"end":{"line":86,"column":21},"skip":true},"17":{"start":{"line":82,"column":24},"end":{"line":82,"column":43},"skip":true},"18":{"start":{"line":83,"column":24},"end":{"line":83,"column":30},"skip":true},"19":{"start":{"line":85,"column":24},"end":{"line":85,"column":49},"skip":true},"20":{"start":{"line":89,"column":12},"end":{"line":107,"column":13},"skip":true},"21":{"start":{"line":92,"column":16},"end":{"line":102,"column":17},"skip":true},"22":{"start":{"line":93,"column":20},"end":{"line":93,"column":86},"skip":true},"23":{"start":{"line":94,"column":20},"end":{"line":95,"column":45},"skip":true},"24":{"start":{"line":96,"column":20},"end":{"line":96,"column":42},"skip":true},"25":{"start":{"line":97,"column":20},"end":{"line":97,"column":48},"skip":true},"26":{"start":{"line":100,"column":20},"end":{"line":100,"column":85},"skip":true},"27":{"start":{"line":101,"column":20},"end":{"line":101,"column":96},"skip":true},"28":{"start":{"line":103,"column":16},"end":{"line":103,"column":22},"skip":true},"29":{"start":{"line":106,"column":16},"end":{"line":106,"column":22},"skip":true},"30":{"start":{"line":108,"column":12},"end":{"line":120,"column":13},"skip":true},"31":{"start":{"line":114,"column":16},"end":{"line":119,"column":17},"skip":true},"32":{"start":{"line":116,"column":20},"end":{"line":116,"column":78},"skip":true},"33":{"start":{"line":118,"column":20},"end":{"line":118,"column":47},"skip":true},"34":{"start":{"line":123,"column":8},"end":{"line":141,"column":11},"skip":true},"35":{"start":{"line":124,"column":12},"end":{"line":124,"column":54},"skip":true},"36":{"start":{"line":125,"column":12},"end":{"line":140,"column":14},"skip":true},"37":{"start":{"line":126,"column":16},"end":{"line":126,"column":28},"skip":true},"38":{"start":{"line":127,"column":16},"end":{"line":127,"column":69},"skip":true},"39":{"start":{"line":128,"column":16},"end":{"line":128,"column":75},"skip":true},"40":{"start":{"line":129,"column":16},"end":{"line":131,"column":17},"skip":true},"41":{"start":{"line":130,"column":20},"end":{"line":130,"column":27},"skip":true},"42":{"start":{"line":133,"column":16},"end":{"line":137,"column":36},"skip":true},"43":{"start":{"line":134,"column":20},"end":{"line":136,"column":55},"skip":true},"44":{"start":{"line":139,"column":16},"end":{"line":139,"column":57},"skip":true},"45":{"start":{"line":143,"column":8},"end":{"line":147,"column":11},"skip":true},"46":{"start":{"line":144,"column":12},"end":{"line":146,"column":15},"skip":true},"47":{"start":{"line":145,"column":16},"end":{"line":145,"column":70},"skip":true},"48":{"start":{"line":149,"column":8},"end":{"line":149,"column":31},"skip":true},"49":{"start":{"line":150,"column":8},"end":{"line":150,"column":14},"skip":true},"50":{"start":{"line":158,"column":8},"end":{"line":158,"column":31},"skip":true},"51":{"start":{"line":160,"column":8},"end":{"line":160,"column":33},"skip":true},"52":{"start":{"line":161,"column":8},"end":{"line":161,"column":37},"skip":true},"53":{"start":{"line":162,"column":8},"end":{"line":162,"column":35},"skip":true},"54":{"start":{"line":164,"column":8},"end":{"line":164,"column":50},"skip":true},"55":{"start":{"line":166,"column":8},"end":{"line":256,"column":2},"skip":true},"56":{"start":{"line":258,"column":8},"end":{"line":286,"column":9},"skip":true},"57":{"start":{"line":259,"column":12},"end":{"line":269,"column":14},"skip":true},"58":{"start":{"line":271,"column":12},"end":{"line":285,"column":19},"skip":true},"59":{"start":{"line":274,"column":20},"end":{"line":274,"column":35},"skip":true},"60":{"start":{"line":275,"column":20},"end":{"line":284,"column":21},"skip":true},"61":{"start":{"line":277,"column":24},"end":{"line":277,"column":64},"skip":true},"62":{"start":{"line":279,"column":24},"end":{"line":279,"column":40},"skip":true},"63":{"start":{"line":281,"column":24},"end":{"line":281,"column":40},"skip":true},"64":{"start":{"line":283,"column":24},"end":{"line":283,"column":39},"skip":true},"65":{"start":{"line":288,"column":8},"end":{"line":290,"column":9},"skip":true},"66":{"start":{"line":289,"column":12},"end":{"line":289,"column":18},"skip":true},"67":{"start":{"line":291,"column":8},"end":{"line":293,"column":54},"skip":true},"68":{"start":{"line":294,"column":8},"end":{"line":301,"column":37},"skip":true},"69":{"start":{"line":302,"column":8},"end":{"line":302,"column":82},"skip":true},"70":{"start":{"line":305,"column":8},"end":{"line":307,"column":9},"skip":true},"71":{"start":{"line":306,"column":12},"end":{"line":306,"column":82},"skip":true},"72":{"start":{"line":309,"column":8},"end":{"line":311,"column":9},"skip":true},"73":{"start":{"line":310,"column":12},"end":{"line":310,"column":18},"skip":true},"74":{"start":{"line":312,"column":8},"end":{"line":312,"column":54},"skip":true},"75":{"start":{"line":313,"column":8},"end":{"line":313,"column":69},"skip":true},"76":{"start":{"line":314,"column":8},"end":{"line":322,"column":36},"skip":true},"77":{"start":{"line":315,"column":12},"end":{"line":315,"column":61},"skip":true},"78":{"start":{"line":316,"column":12},"end":{"line":319,"column":13},"skip":true},"79":{"start":{"line":317,"column":16},"end":{"line":317,"column":75},"skip":true},"80":{"start":{"line":318,"column":16},"end":{"line":318,"column":23},"skip":true},"81":{"start":{"line":320,"column":12},"end":{"line":320,"column":38},"skip":true},"82":{"start":{"line":321,"column":12},"end":{"line":321,"column":27},"skip":true},"83":{"start":{"line":323,"column":8},"end":{"line":323,"column":14},"skip":true}},"branchMap":{"1":{"line":39,"type":"binary-expr","locations":[{"start":{"line":39,"column":23},"end":{"line":39,"column":62}},{"start":{"line":40,"column":20},"end":{"line":40,"column":70}},{"start":{"line":41,"column":20},"end":{"line":41,"column":71}},{"start":{"line":42,"column":20},"end":{"line":42,"column":29}}]},"2":{"line":44,"type":"binary-expr","locations":[{"start":{"line":44,"column":23},"end":{"line":44,"column":37}},{"start":{"line":45,"column":20},"end":{"line":45,"column":61}},{"start":{"line":46,"column":20},"end":{"line":46,"column":70}},{"start":{"line":47,"column":20},"end":{"line":47,"column":26}}]},"3":{"line":51,"type":"cond-expr","locations":[{"start":{"line":52,"column":14},"end":{"line":52,"column":20}},{"start":{"line":53,"column":14},"end":{"line":53,"column":20}}]},"4":{"line":55,"type":"binary-expr","locations":[{"start":{"line":55,"column":16},"end":{"line":55,"column":44}},{"start":{"line":55,"column":49},"end":{"line":57,"column":43}}]},"5":{"line":55,"type":"cond-expr","locations":[{"start":{"line":56,"column":14},"end":{"line":56,"column":57}},{"start":{"line":57,"column":14},"end":{"line":57,"column":43}}]},"6":{"line":61,"type":"switch","locations":[{"start":{"line":68,"column":4},"end":{"line":150,"column":14},"skip":true},{"start":{"line":156,"column":4},"end":{"line":323,"column":14},"skip":true}]},"7":{"line":70,"type":"if","locations":[{"start":{"line":70,"column":12},"end":{"line":70,"column":12},"skip":true},{"start":{"line":70,"column":12},"end":{"line":70,"column":12},"skip":true}]},"8":{"line":70,"type":"binary-expr","locations":[{"start":{"line":70,"column":16},"end":{"line":70,"column":22},"skip":true},{"start":{"line":70,"column":27},"end":{"line":70,"column":32},"skip":true},{"start":{"line":71,"column":20},"end":{"line":71,"column":39},"skip":true},{"start":{"line":72,"column":20},"end":{"line":72,"column":49},"skip":true},{"start":{"line":73,"column":20},"end":{"line":73,"column":58},"skip":true},{"start":{"line":74,"column":20},"end":{"line":74,"column":69},"skip":true}]},"9":{"line":79,"type":"switch","locations":[{"start":{"line":80,"column":20},"end":{"line":80,"column":33},"skip":true},{"start":{"line":81,"column":20},"end":{"line":83,"column":30},"skip":true},{"start":{"line":84,"column":20},"end":{"line":85,"column":49},"skip":true}]},"10":{"line":89,"type":"switch","locations":[{"start":{"line":90,"column":12},"end":{"line":103,"column":22},"skip":true},{"start":{"line":105,"column":12},"end":{"line":106,"column":22},"skip":true}]},"11":{"line":89,"type":"binary-expr","locations":[{"start":{"line":89,"column":20},"end":{"line":89,"column":25},"skip":true},{"start":{"line":89,"column":29},"end":{"line":89,"column":48},"skip":true},{"start":{"line":89,"column":52},"end":{"line":89,"column":74},"skip":true}]},"12":{"line":92,"type":"if","locations":[{"start":{"line":92,"column":16},"end":{"line":92,"column":16},"skip":true},{"start":{"line":92,"column":16},"end":{"line":92,"column":16},"skip":true}]},"13":{"line":108,"type":"if","locations":[{"start":{"line":108,"column":12},"end":{"line":108,"column":12},"skip":true},{"start":{"line":108,"column":12},"end":{"line":108,"column":12},"skip":true}]},"14":{"line":108,"type":"binary-expr","locations":[{"start":{"line":108,"column":16},"end":{"line":108,"column":61},"skip":true},{"start":{"line":108,"column":66},"end":{"line":108,"column":72},"skip":true},{"start":{"line":108,"column":77},"end":{"line":108,"column":82},"skip":true},{"start":{"line":109,"column":20},"end":{"line":109,"column":39},"skip":true},{"start":{"line":110,"column":20},"end":{"line":110,"column":49},"skip":true},{"start":{"line":111,"column":20},"end":{"line":111,"column":58},"skip":true},{"start":{"line":112,"column":20},"end":{"line":112,"column":68},"skip":true}]},"15":{"line":129,"type":"if","locations":[{"start":{"line":129,"column":16},"end":{"line":129,"column":16},"skip":true},{"start":{"line":129,"column":16},"end":{"line":129,"column":16},"skip":true}]},"16":{"line":134,"type":"cond-expr","locations":[{"start":{"line":135,"column":26},"end":{"line":135,"column":29},"skip":true},{"start":{"line":136,"column":26},"end":{"line":136,"column":54},"skip":true}]},"17":{"line":164,"type":"binary-expr","locations":[{"start":{"line":164,"column":27},"end":{"line":164,"column":43},"skip":true},{"start":{"line":164,"column":47},"end":{"line":164,"column":49},"skip":true}]},"18":{"line":258,"type":"if","locations":[{"start":{"line":258,"column":8},"end":{"line":258,"column":8},"skip":true},{"start":{"line":258,"column":8},"end":{"line":258,"column":8},"skip":true}]},"19":{"line":275,"type":"switch","locations":[{"start":{"line":276,"column":20},"end":{"line":277,"column":64},"skip":true},{"start":{"line":278,"column":20},"end":{"line":279,"column":40},"skip":true},{"start":{"line":280,"column":20},"end":{"line":281,"column":40},"skip":true},{"start":{"line":282,"column":20},"end":{"line":283,"column":39},"skip":true}]},"20":{"line":288,"type":"if","locations":[{"start":{"line":288,"column":8},"end":{"line":288,"column":8},"skip":true},{"start":{"line":288,"column":8},"end":{"line":288,"column":8},"skip":true}]},"21":{"line":288,"type":"binary-expr","locations":[{"start":{"line":288,"column":12},"end":{"line":288,"column":40},"skip":true},{"start":{"line":288,"column":44},"end":{"line":288,"column":67},"skip":true}]},"22":{"line":292,"type":"binary-expr","locations":[{"start":{"line":292,"column":12},"end":{"line":292,"column":50},"skip":true},{"start":{"line":293,"column":12},"end":{"line":293,"column":53},"skip":true}]},"23":{"line":295,"type":"binary-expr","locations":[{"start":{"line":295,"column":12},"end":{"line":295,"column":71},"skip":true},{"start":{"line":296,"column":12},"end":{"line":301,"column":36},"skip":true}]},"24":{"line":302,"type":"binary-expr","locations":[{"start":{"line":302,"column":43},"end":{"line":302,"column":75},"skip":true},{"start":{"line":302,"column":79},"end":{"line":302,"column":81},"skip":true}]},"25":{"line":305,"type":"if","locations":[{"start":{"line":305,"column":8},"end":{"line":305,"column":8},"skip":true},{"start":{"line":305,"column":8},"end":{"line":305,"column":8},"skip":true}]},"26":{"line":309,"type":"if","locations":[{"start":{"line":309,"column":8},"end":{"line":309,"column":8},"skip":true},{"start":{"line":309,"column":8},"end":{"line":309,"column":8},"skip":true}]},"27":{"line":312,"type":"binary-expr","locations":[{"start":{"line":312,"column":27},"end":{"line":312,"column":43},"skip":true},{"start":{"line":312,"column":47},"end":{"line":312,"column":53},"skip":true}]},"28":{"line":316,"type":"if","locations":[{"start":{"line":316,"column":12},"end":{"line":316,"column":12},"skip":true},{"start":{"line":316,"column":12},"end":{"line":316,"column":12},"skip":true}]}},"code":["/*","example.js","","quickstart example","","instruction","    1. save this script as example.js","    2. run the shell command:","        $ npm install npmtest-static-server && PORT=8081 node example.js","    3. play with the browser-demo on http://127.0.0.1:8081","*/","","","","/* istanbul instrument in package npmtest_static_server */","/*jslint","    bitwise: true,","    browser: true,","    maxerr: 8,","    maxlen: 96,","    node: true,","    nomen: true,","    regexp: true,","    stupid: true","*/","(function () {","    'use strict';","    var local;","","","","    // run shared js-env code - pre-init","    (function () {","        // init local","        local = {};","        // init modeJs","        local.modeJs = (function () {","            try {","                return typeof navigator.userAgent === 'string' &&","                    typeof document.querySelector('body') === 'object' &&","                    typeof XMLHttpRequest.prototype.open === 'function' &&","                    'browser';","            } catch (errorCaughtBrowser) {","                return module.exports &&","                    typeof process.versions.node === 'string' &&","                    typeof require('http').createServer === 'function' &&","                    'node';","            }","        }());","        // init global","        local.global = local.modeJs === 'browser'","            ? window","            : global;","        // init utility2_rollup","        local = local.global.utility2_rollup || (local.modeJs === 'browser'","            ? local.global.utility2_npmtest_static_server","            : global.utility2_moduleExports);","        // export local","        local.global.local = local;","    }());","    switch (local.modeJs) {","","","","    // post-init","    // run browser js-env code - post-init","    /* istanbul ignore next */","    case 'browser':","        local.testRunBrowser = function (event) {","            if (!event || (event &&","                    event.currentTarget &&","                    event.currentTarget.className &&","                    event.currentTarget.className.includes &&","                    event.currentTarget.className.includes('onreset'))) {","                // reset output","                Array.from(","                    document.querySelectorAll('body > .resettable')","                ).forEach(function (element) {","                    switch (element.tagName) {","                    case 'INPUT':","                    case 'TEXTAREA':","                        element.value = '';","                        break;","                    default:","                        element.textContent = '';","                    }","                });","            }","            switch (event && event.currentTarget && event.currentTarget.id) {","            case 'testRunButton1':","                // show tests","                if (document.querySelector('#testReportDiv1').style.display === 'none') {","                    document.querySelector('#testReportDiv1').style.display = 'block';","                    document.querySelector('#testRunButton1').textContent =","                        'hide internal test';","                    local.modeTest = true;","                    local.testRunDefault(local);","                // hide tests","                } else {","                    document.querySelector('#testReportDiv1').style.display = 'none';","                    document.querySelector('#testRunButton1').textContent = 'run internal test';","                }","                break;","            // custom-case","            default:","                break;","            }","            if (document.querySelector('#inputTextareaEval1') && (!event || (event &&","                    event.currentTarget &&","                    event.currentTarget.className &&","                    event.currentTarget.className.includes &&","                    event.currentTarget.className.includes('oneval')))) {","                // try to eval input-code","                try {","                    /*jslint evil: true*/","                    eval(document.querySelector('#inputTextareaEval1').value);","                } catch (errorCaught) {","                    console.error(errorCaught);","                }","            }","        };","        // log stderr and stdout to #outputTextareaStdout1","        ['error', 'log'].forEach(function (key) {","            console[key + '_original'] = console[key];","            console[key] = function () {","                var element;","                console[key + '_original'].apply(console, arguments);","                element = document.querySelector('#outputTextareaStdout1');","                if (!element) {","                    return;","                }","                // append text to #outputTextareaStdout1","                element.value += Array.from(arguments).map(function (arg) {","                    return typeof arg === 'string'","                        ? arg","                        : JSON.stringify(arg, null, 4);","                }).join(' ') + '\\n';","                // scroll textarea to bottom","                element.scrollTop = element.scrollHeight;","            };","        });","        // init event-handling","        ['change', 'click', 'keyup'].forEach(function (event) {","            Array.from(document.querySelectorAll('.on' + event)).forEach(function (element) {","                element.addEventListener(event, local.testRunBrowser);","            });","        });","        // run tests","        local.testRunBrowser();","        break;","","","","    // run node js-env code - post-init","    /* istanbul ignore next */","    case 'node':","        // export local","        module.exports = local;","        // require modules","        local.fs = require('fs');","        local.http = require('http');","        local.url = require('url');","        // init assets","        local.assetsDict = local.assetsDict || {};","        /* jslint-ignore-begin */","        local.assetsDict['/assets.index.template.html'] = '\\","<!doctype html>\\n\\","<html lang=\"en\">\\n\\","<head>\\n\\","<meta charset=\"UTF-8\">\\n\\","<meta name=\"viewport\" content=\"width=device-width, initial-scale=1\">\\n\\","<title>{{env.npm_package_name}} (v{{env.npm_package_version}})</title>\\n\\","<style>\\n\\","/*csslint\\n\\","    box-sizing: false,\\n\\","    universal-selector: false\\n\\","*/\\n\\","* {\\n\\","    box-sizing: border-box;\\n\\","}\\n\\","body {\\n\\","    background: #dde;\\n\\","    font-family: Arial, Helvetica, sans-serif;\\n\\","    margin: 2rem;\\n\\","}\\n\\","body > * {\\n\\","    margin-bottom: 1rem;\\n\\","}\\n\\",".utility2FooterDiv {\\n\\","    margin-top: 20px;\\n\\","    text-align: center;\\n\\","}\\n\\","</style>\\n\\","<style>\\n\\","/*csslint\\n\\","*/\\n\\","textarea {\\n\\","    font-family: monospace;\\n\\","    height: 10rem;\\n\\","    width: 100%;\\n\\","}\\n\\","textarea[readonly] {\\n\\","    background: #ddd;\\n\\","}\\n\\","</style>\\n\\","</head>\\n\\","<body>\\n\\","<!-- utility2-comment\\n\\","<div id=\"ajaxProgressDiv1\" style=\"background: #d00; height: 2px; left: 0; margin: 0; padding: 0; position: fixed; top: 0; transition: background 0.5s, width 1.5s; width: 25%;\"></div>\\n\\","utility2-comment -->\\n\\","<h1>\\n\\","<!-- utility2-comment\\n\\","    <a\\n\\","        {{#if env.npm_package_homepage}}\\n\\","        href=\"{{env.npm_package_homepage}}\"\\n\\","        {{/if env.npm_package_homepage}}\\n\\","        target=\"_blank\"\\n\\","    >\\n\\","utility2-comment -->\\n\\","        {{env.npm_package_name}} (v{{env.npm_package_version}})\\n\\","<!-- utility2-comment\\n\\","    </a>\\n\\","utility2-comment -->\\n\\","</h1>\\n\\","<h3>{{env.npm_package_description}}</h3>\\n\\","<!-- utility2-comment\\n\\","<h4><a download href=\"assets.app.js\">download standalone app</a></h4>\\n\\","<button class=\"onclick onreset\" id=\"testRunButton1\">run internal test</button><br>\\n\\","<div id=\"testReportDiv1\" style=\"display: none;\"></div>\\n\\","utility2-comment -->\\n\\","\\n\\","\\n\\","\\n\\","<label>stderr and stdout</label>\\n\\","<textarea class=\"resettable\" id=\"outputTextareaStdout1\" readonly></textarea>\\n\\","<!-- utility2-comment\\n\\","{{#if isRollup}}\\n\\","<script src=\"assets.app.js\"></script>\\n\\","{{#unless isRollup}}\\n\\","utility2-comment -->\\n\\","<script src=\"assets.utility2.rollup.js\"></script>\\n\\","<script src=\"jsonp.utility2._stateInit?callback=window.utility2._stateInit\"></script>\\n\\","<script src=\"assets.npmtest_static_server.rollup.js\"></script>\\n\\","<script src=\"assets.example.js\"></script>\\n\\","<script src=\"assets.test.js\"></script>\\n\\","<!-- utility2-comment\\n\\","{{/if isRollup}}\\n\\","utility2-comment -->\\n\\","<div class=\"utility2FooterDiv\">\\n\\","    [ this app was created with\\n\\","    <a href=\"https://github.com/kaizhu256/node-utility2\" target=\"_blank\">utility2</a>\\n\\","    ]\\n\\","</div>\\n\\","</body>\\n\\","</html>\\n\\","';","        /* jslint-ignore-end */","        if (local.templateRender) {","            local.assetsDict['/'] = local.templateRender(","                local.assetsDict['/assets.index.template.html'],","                {","                    env: local.objectSetDefault(local.env, {","                        npm_package_description: 'the greatest app in the world!',","                        npm_package_name: 'my-app',","                        npm_package_nameAlias: 'my_app',","                        npm_package_version: '0.0.1'","                    })","                }","            );","        } else {","            local.assetsDict['/'] = local.assetsDict['/assets.index.template.html']","                .replace((/\\{\\{env\\.(\\w+?)\\}\\}/g), function (match0, match1) {","                    // jslint-hack","                    String(match0);","                    switch (match1) {","                    case 'npm_package_description':","                        return 'the greatest app in the world!';","                    case 'npm_package_name':","                        return 'my-app';","                    case 'npm_package_nameAlias':","                        return 'my_app';","                    case 'npm_package_version':","                        return '0.0.1';","                    }","                });","        }","        // run the cli","        if (local.global.utility2_rollup || module !== require.main) {","            break;","        }","        local.assetsDict['/assets.example.js'] =","            local.assetsDict['/assets.example.js'] ||","            local.fs.readFileSync(__filename, 'utf8');","        local.assetsDict['/assets.npmtest_static_server.rollup.js'] =","            local.assetsDict['/assets.npmtest_static_server.rollup.js'] ||","            local.fs.readFileSync(","                // buildCustomOrg-hack","                local.npmtest_static_server.__dirname +","                    '/lib.npmtest_static_server.js',","                'utf8'","            ).replace((/^#!/), '//');","        local.assetsDict['/favicon.ico'] = local.assetsDict['/favicon.ico'] || '';","        // if $npm_config_timeout_exit exists,","        // then exit this process after $npm_config_timeout_exit ms","        if (Number(process.env.npm_config_timeout_exit)) {","            setTimeout(process.exit, Number(process.env.npm_config_timeout_exit));","        }","        // start server","        if (local.global.utility2_serverHttp1) {","            break;","        }","        process.env.PORT = process.env.PORT || '8081';","        console.error('server starting on port ' + process.env.PORT);","        local.http.createServer(function (request, response) {","            request.urlParsed = local.url.parse(request.url);","            if (local.assetsDict[request.urlParsed.pathname] !== undefined) {","                response.end(local.assetsDict[request.urlParsed.pathname]);","                return;","            }","            response.statusCode = 404;","            response.end();","        }).listen(process.env.PORT);","        break;","    }","}());",""],"l":{"26":2,"28":2,"33":2,"35":2,"37":2,"38":2,"39":2,"44":1,"51":2,"55":2,"59":2,"61":2,"69":1,"70":2,"76":2,"79":2,"82":2,"83":2,"85":1,"89":2,"92":1,"93":1,"94":1,"96":1,"97":1,"100":1,"101":1,"103":1,"106":1,"108":2,"114":1,"116":1,"118":1,"123":1,"124":2,"125":2,"126":2,"127":2,"128":2,"129":2,"130":1,"133":2,"134":2,"139":2,"143":1,"144":3,"145":1,"149":1,"150":1,"158":1,"160":1,"161":1,"162":1,"164":1,"166":1,"258":1,"259":1,"271":1,"274":6,"275":6,"277":1,"279":2,"281":1,"283":2,"288":1,"289":1,"291":1,"294":1,"302":1,"305":1,"306":1,"309":1,"310":1,"312":1,"313":1,"314":1,"315":1,"316":1,"317":1,"318":1,"320":1,"321":1,"323":1}},"/home/travis/build/npmtest/node-npmtest-static-server/node_modules/static-server/server.js":{"path":"/home/travis/build/npmtest/node-npmtest-static-server/node_modules/static-server/server.js","s":{"1":1,"2":1,"3":1,"4":1,"5":1,"6":1,"7":1,"8":1,"9":1,"10":1,"11":1,"12":1,"13":1,"14":1,"15":1,"16":1,"17":1,"18":1,"19":1,"20":1,"21":1,"22":1,"23":1,"24":1,"25":1,"26":1,"27":0,"28":0,"29":0,"30":0,"31":0,"32":0,"33":0,"34":0,"35":0,"36":0,"37":0,"38":0,"39":0,"40":0,"41":0,"42":0,"43":1,"44":1,"45":1,"46":0,"47":1,"48":0,"49":0,"50":0,"51":1,"52":0,"53":0,"54":0,"55":0,"56":0,"57":0,"58":0,"59":0,"60":0,"61":0,"62":0,"63":0,"64":0,"65":0,"66":0,"67":0,"68":0,"69":0,"70":0,"71":0,"72":0,"73":0,"74":0,"75":1,"76":0,"77":0,"78":0,"79":0,"80":0,"81":0,"82":0,"83":1,"84":0,"85":0,"86":1,"87":0,"88":0,"89":0,"90":1,"91":0,"92":0,"93":0,"94":0,"95":0,"96":1,"97":0,"98":0,"99":0,"100":0,"101":0,"102":0,"103":0,"104":0,"105":0,"106":0,"107":0,"108":0,"109":0,"110":0,"111":0,"112":0,"113":0,"114":0,"115":0,"116":0,"117":0,"118":1,"119":0,"120":0,"121":0,"122":0,"123":0,"124":0,"125":0,"126":0,"127":0,"128":0,"129":0,"130":0,"131":1,"132":0,"133":0,"134":0,"135":0,"136":0,"137":0,"138":0,"139":0,"140":0,"141":0,"142":0,"143":0,"144":0,"145":0,"146":0,"147":0,"148":0,"149":0,"150":0,"151":0,"152":0,"153":0,"154":0,"155":0,"156":0,"157":0,"158":0,"159":0,"160":0,"161":0,"162":1,"163":0,"164":0,"165":0,"166":0,"167":0,"168":0,"169":0,"170":0,"171":0,"172":0,"173":0,"174":1,"175":0,"176":0,"177":0,"178":0,"179":0,"180":0,"181":0,"182":0,"183":0,"184":0,"185":0,"186":0,"187":0,"188":0,"189":0,"190":0,"191":0,"192":0,"193":0,"194":0,"195":0,"196":0,"197":0,"198":0,"199":0,"200":0,"201":0,"202":0,"203":0,"204":0,"205":0,"206":0,"207":0,"208":0,"209":0,"210":0,"211":0,"212":0,"213":0,"214":0,"215":0,"216":0,"217":0,"218":0},"b":{"1":[0,0],"2":[0,0],"3":[0,0],"4":[0,0],"5":[0,0],"6":[0,0],"7":[0,0],"8":[0,0],"9":[0,0],"10":[0,0],"11":[0,0],"12":[0,0],"13":[0,0],"14":[0,0],"15":[0,0],"16":[0,0],"17":[0,0],"18":[0,0],"19":[0,0],"20":[0,0],"21":[0,0],"22":[0,0],"23":[0,0],"24":[0,0],"25":[0,0],"26":[0,0],"27":[0,0,0,0,0,0],"28":[0,0],"29":[0,0],"30":[0,0],"31":[0,0],"32":[0,0],"33":[0,0],"34":[0,0,0,0,0],"35":[0,0],"36":[0,0],"37":[0,0],"38":[0,0],"39":[0,0,0],"40":[0,0],"41":[0,0],"42":[0,0],"43":[0,0],"44":[0,0],"45":[0,0],"46":[0,0],"47":[0,0],"48":[0,0],"49":[0,0],"50":[0,0],"51":[0,0],"52":[0,0],"53":[0,0],"54":[0,0],"55":[0,0],"56":[0,0],"57":[0,0]},"f":{"1":0,"2":0,"3":0,"4":0,"5":0,"6":0,"7":0,"8":0,"9":0,"10":0,"11":0,"12":0,"13":0,"14":0,"15":0,"16":0,"17":0,"18":0,"19":0,"20":0,"21":0,"22":0,"23":0,"24":0,"25":0,"26":0},"fnMap":{"1":{"name":"StaticServer","line":59,"loc":{"start":{"line":59,"column":0},"end":{"line":59,"column":31}}},"2":{"name":"start","line":107,"loc":{"start":{"line":107,"column":31},"end":{"line":107,"column":56}}},"3":{"name":"stop","line":115,"loc":{"start":{"line":115,"column":30},"end":{"line":115,"column":46}}},"4":{"name":"requestHandler","line":129,"loc":{"start":{"line":129,"column":0},"end":{"line":129,"column":32}}},"5":{"name":"handler","line":130,"loc":{"start":{"line":130,"column":9},"end":{"line":130,"column":36}}},"6":{"name":"getElapsedTime","line":137,"loc":{"start":{"line":137,"column":11},"end":{"line":137,"column":37}}},"7":{"name":"(anonymous_7)","line":160,"loc":{"start":{"line":160,"column":82},"end":{"line":160,"column":116}}},"8":{"name":"handleError","line":186,"loc":{"start":{"line":186,"column":0},"end":{"line":186,"column":43}}},"9":{"name":"(anonymous_9)","line":188,"loc":{"start":{"line":188,"column":54},"end":{"line":188,"column":86}}},"10":{"name":"validPath","line":209,"loc":{"start":{"line":209,"column":0},"end":{"line":209,"column":35}}},"11":{"name":"getFileStats","line":231,"loc":{"start":{"line":231,"column":0},"end":{"line":231,"column":47}}},"12":{"name":"checkNext","line":236,"loc":{"start":{"line":236,"column":2},"end":{"line":236,"column":33}}},"13":{"name":"next","line":247,"loc":{"start":{"line":247,"column":2},"end":{"line":247,"column":29}}},"14":{"name":"(anonymous_14)","line":248,"loc":{"start":{"line":248,"column":19},"end":{"line":248,"column":40}}},"15":{"name":"(anonymous_15)","line":253,"loc":{"start":{"line":253,"column":28},"end":{"line":253,"column":52}}},"16":{"name":"validateClientCache","line":291,"loc":{"start":{"line":291,"column":0},"end":{"line":291,"column":53}}},"17":{"name":"(anonymous_17)","line":311,"loc":{"start":{"line":311,"column":14},"end":{"line":311,"column":37}}},"18":{"name":"parseRanges","line":328,"loc":{"start":{"line":328,"column":0},"end":{"line":328,"column":37}}},"19":{"name":"sendError","line":401,"loc":{"start":{"line":401,"column":0},"end":{"line":401,"column":59}}},"20":{"name":"(anonymous_20)","line":417,"loc":{"start":{"line":417,"column":14},"end":{"line":417,"column":37}}},"21":{"name":"sendFile","line":444,"loc":{"start":{"line":444,"column":0},"end":{"line":444,"column":48}}},"22":{"name":"sendNext","line":478,"loc":{"start":{"line":478,"column":5},"end":{"line":478,"column":25}}},"23":{"name":"(anonymous_23)","line":489,"loc":{"start":{"line":489,"column":21},"end":{"line":489,"column":33}}},"24":{"name":"(anonymous_24)","line":498,"loc":{"start":{"line":498,"column":22},"end":{"line":498,"column":36}}},"25":{"name":"(anonymous_25)","line":516,"loc":{"start":{"line":516,"column":23},"end":{"line":516,"column":38}}},"26":{"name":"(anonymous_26)","line":518,"loc":{"start":{"line":518,"column":22},"end":{"line":518,"column":39}}}},"statementMap":{"1":{"start":{"line":2,"column":0},"end":{"line":2,"column":35}},"2":{"start":{"line":4,"column":0},"end":{"line":4,"column":27}},"3":{"start":{"line":5,"column":0},"end":{"line":5,"column":40}},"4":{"start":{"line":6,"column":0},"end":{"line":6,"column":37}},"5":{"start":{"line":7,"column":0},"end":{"line":7,"column":28}},"6":{"start":{"line":8,"column":0},"end":{"line":8,"column":36}},"7":{"start":{"line":9,"column":0},"end":{"line":9,"column":34}},"8":{"start":{"line":10,"column":0},"end":{"line":10,"column":34}},"9":{"start":{"line":11,"column":0},"end":{"line":11,"column":39}},"10":{"start":{"line":12,"column":0},"end":{"line":12,"column":54}},"11":{"start":{"line":14,"column":0},"end":{"line":14,"column":43}},"12":{"start":{"line":16,"column":0},"end":{"line":16,"column":44}},"13":{"start":{"line":17,"column":0},"end":{"line":17,"column":48}},"14":{"start":{"line":19,"column":0},"end":{"line":19,"column":28}},"15":{"start":{"line":21,"column":0},"end":{"line":21,"column":65}},"16":{"start":{"line":23,"column":0},"end":{"line":23,"column":21}},"17":{"start":{"line":26,"column":0},"end":{"line":26,"column":50}},"18":{"start":{"line":27,"column":0},"end":{"line":27,"column":35}},"19":{"start":{"line":28,"column":0},"end":{"line":28,"column":35}},"20":{"start":{"line":29,"column":0},"end":{"line":29,"column":34}},"21":{"start":{"line":30,"column":0},"end":{"line":30,"column":35}},"22":{"start":{"line":31,"column":0},"end":{"line":31,"column":35}},"23":{"start":{"line":32,"column":0},"end":{"line":32,"column":33}},"24":{"start":{"line":33,"column":0},"end":{"line":33,"column":41}},"25":{"start":{"line":39,"column":0},"end":{"line":39,"column":30}},"26":{"start":{"line":59,"column":0},"end":{"line":93,"column":1}},"27":{"start":{"line":60,"column":2},"end":{"line":60,"column":26}},"28":{"start":{"line":62,"column":2},"end":{"line":64,"column":3}},"29":{"start":{"line":63,"column":4},"end":{"line":63,"column":47}},"30":{"start":{"line":66,"column":2},"end":{"line":68,"column":3}},"31":{"start":{"line":67,"column":4},"end":{"line":67,"column":27}},"32":{"start":{"line":70,"column":2},"end":{"line":70,"column":27}},"33":{"start":{"line":71,"column":2},"end":{"line":71,"column":27}},"34":{"start":{"line":72,"column":2},"end":{"line":72,"column":27}},"35":{"start":{"line":73,"column":2},"end":{"line":73,"column":27}},"36":{"start":{"line":74,"column":2},"end":{"line":74,"column":49}},"37":{"start":{"line":75,"column":2},"end":{"line":75,"column":47}},"38":{"start":{"line":76,"column":2},"end":{"line":79,"column":4}},"39":{"start":{"line":81,"column":2},"end":{"line":84,"column":3}},"40":{"start":{"line":82,"column":4},"end":{"line":82,"column":95}},"41":{"start":{"line":83,"column":4},"end":{"line":83,"column":41}},"42":{"start":{"line":86,"column":2},"end":{"line":91,"column":5}},"43":{"start":{"line":94,"column":0},"end":{"line":94,"column":42}},"44":{"start":{"line":99,"column":0},"end":{"line":99,"column":46}},"45":{"start":{"line":107,"column":0},"end":{"line":109,"column":1}},"46":{"start":{"line":108,"column":2},"end":{"line":108,"column":96}},"47":{"start":{"line":115,"column":0},"end":{"line":120,"column":1}},"48":{"start":{"line":116,"column":2},"end":{"line":119,"column":3}},"49":{"start":{"line":117,"column":4},"end":{"line":117,"column":25}},"50":{"start":{"line":118,"column":4},"end":{"line":118,"column":24}},"51":{"start":{"line":129,"column":0},"end":{"line":173,"column":1}},"52":{"start":{"line":130,"column":2},"end":{"line":172,"column":4}},"53":{"start":{"line":131,"column":4},"end":{"line":131,"column":53}},"54":{"start":{"line":132,"column":4},"end":{"line":132,"column":51}},"55":{"start":{"line":133,"column":4},"end":{"line":133,"column":37}},"56":{"start":{"line":136,"column":4},"end":{"line":141,"column":7}},"57":{"start":{"line":138,"column":8},"end":{"line":138,"column":48}},"58":{"start":{"line":139,"column":8},"end":{"line":139,"column":112}},"59":{"start":{"line":143,"column":4},"end":{"line":143,"column":21}},"60":{"start":{"line":144,"column":4},"end":{"line":146,"column":5}},"61":{"start":{"line":145,"column":6},"end":{"line":145,"column":48}},"62":{"start":{"line":148,"column":4},"end":{"line":150,"column":5}},"63":{"start":{"line":149,"column":6},"end":{"line":149,"column":63}},"64":{"start":{"line":152,"column":4},"end":{"line":152,"column":32}},"65":{"start":{"line":154,"column":4},"end":{"line":158,"column":5}},"66":{"start":{"line":155,"column":6},"end":{"line":155,"column":75}},"67":{"start":{"line":156,"column":11},"end":{"line":158,"column":5}},"68":{"start":{"line":157,"column":6},"end":{"line":157,"column":70}},"69":{"start":{"line":160,"column":4},"end":{"line":171,"column":7}},"70":{"start":{"line":161,"column":6},"end":{"line":170,"column":7}},"71":{"start":{"line":162,"column":8},"end":{"line":162,"column":43}},"72":{"start":{"line":163,"column":13},"end":{"line":170,"column":7}},"73":{"start":{"line":167,"column":8},"end":{"line":167,"column":65}},"74":{"start":{"line":169,"column":8},"end":{"line":169,"column":47}},"75":{"start":{"line":186,"column":0},"end":{"line":199,"column":1}},"76":{"start":{"line":187,"column":2},"end":{"line":198,"column":3}},"77":{"start":{"line":188,"column":4},"end":{"line":195,"column":7}},"78":{"start":{"line":189,"column":6},"end":{"line":194,"column":7}},"79":{"start":{"line":190,"column":8},"end":{"line":190,"column":65}},"80":{"start":{"line":192,"column":8},"end":{"line":192,"column":43}},"81":{"start":{"line":193,"column":8},"end":{"line":193,"column":47}},"82":{"start":{"line":197,"column":4},"end":{"line":197,"column":61}},"83":{"start":{"line":209,"column":0},"end":{"line":214,"column":1}},"84":{"start":{"line":210,"column":2},"end":{"line":210,"column":50}},"85":{"start":{"line":213,"column":2},"end":{"line":213,"column":46}},"86":{"start":{"line":231,"column":0},"end":{"line":281,"column":1}},"87":{"start":{"line":232,"column":2},"end":{"line":232,"column":15}},"88":{"start":{"line":233,"column":2},"end":{"line":233,"column":14}},"89":{"start":{"line":234,"column":2},"end":{"line":234,"column":15}},"90":{"start":{"line":236,"column":2},"end":{"line":245,"column":3}},"91":{"start":{"line":237,"column":4},"end":{"line":244,"column":5}},"92":{"start":{"line":238,"column":6},"end":{"line":238,"column":37}},"93":{"start":{"line":239,"column":11},"end":{"line":244,"column":5}},"94":{"start":{"line":241,"column":6},"end":{"line":241,"column":50}},"95":{"start":{"line":243,"column":6},"end":{"line":243,"column":51}},"96":{"start":{"line":247,"column":2},"end":{"line":278,"column":3}},"97":{"start":{"line":248,"column":4},"end":{"line":277,"column":7}},"98":{"start":{"line":249,"column":6},"end":{"line":276,"column":7}},"99":{"start":{"line":250,"column":8},"end":{"line":250,"column":30}},"100":{"start":{"line":251,"column":13},"end":{"line":276,"column":7}},"101":{"start":{"line":252,"column":8},"end":{"line":266,"column":9}},"102":{"start":{"line":253,"column":10},"end":{"line":263,"column":13}},"103":{"start":{"line":254,"column":12},"end":{"line":262,"column":13}},"104":{"start":{"line":255,"column":14},"end":{"line":255,"column":36}},"105":{"start":{"line":257,"column":14},"end":{"line":259,"column":15}},"106":{"start":{"line":258,"column":16},"end":{"line":258,"column":67}},"107":{"start":{"line":260,"column":14},"end":{"line":260,"column":51}},"108":{"start":{"line":261,"column":14},"end":{"line":261,"column":35}},"109":{"start":{"line":265,"column":10},"end":{"line":265,"column":59}},"110":{"start":{"line":267,"column":13},"end":{"line":276,"column":7}},"111":{"start":{"line":268,"column":8},"end":{"line":272,"column":9}},"112":{"start":{"line":269,"column":10},"end":{"line":269,"column":26}},"113":{"start":{"line":270,"column":10},"end":{"line":270,"column":25}},"114":{"start":{"line":271,"column":10},"end":{"line":271,"column":27}},"115":{"start":{"line":273,"column":8},"end":{"line":273,"column":31}},"116":{"start":{"line":275,"column":8},"end":{"line":275,"column":42}},"117":{"start":{"line":280,"column":2},"end":{"line":280,"column":21}},"118":{"start":{"line":291,"column":0},"end":{"line":326,"column":1}},"119":{"start":{"line":292,"column":2},"end":{"line":292,"column":43}},"120":{"start":{"line":293,"column":2},"end":{"line":293,"column":49}},"121":{"start":{"line":294,"column":2},"end":{"line":294,"column":65}},"122":{"start":{"line":296,"column":2},"end":{"line":325,"column":3}},"123":{"start":{"line":301,"column":4},"end":{"line":313,"column":7}},"124":{"start":{"line":312,"column":8},"end":{"line":312,"column":41}},"125":{"start":{"line":315,"column":4},"end":{"line":315,"column":42}},"126":{"start":{"line":317,"column":4},"end":{"line":317,"column":43}},"127":{"start":{"line":318,"column":4},"end":{"line":318,"column":14}},"128":{"start":{"line":320,"column":4},"end":{"line":320,"column":38}},"129":{"start":{"line":322,"column":4},"end":{"line":322,"column":16}},"130":{"start":{"line":324,"column":4},"end":{"line":324,"column":17}},"131":{"start":{"line":328,"column":0},"end":{"line":386,"column":1}},"132":{"start":{"line":329,"column":2},"end":{"line":329,"column":13}},"133":{"start":{"line":330,"column":2},"end":{"line":330,"column":12}},"134":{"start":{"line":331,"column":2},"end":{"line":331,"column":10}},"135":{"start":{"line":332,"column":2},"end":{"line":332,"column":8}},"136":{"start":{"line":333,"column":2},"end":{"line":333,"column":26}},"137":{"start":{"line":336,"column":2},"end":{"line":380,"column":3}},"138":{"start":{"line":338,"column":4},"end":{"line":340,"column":5}},"139":{"start":{"line":339,"column":6},"end":{"line":339,"column":111}},"140":{"start":{"line":342,"column":4},"end":{"line":342,"column":67}},"141":{"start":{"line":343,"column":4},"end":{"line":343,"column":13}},"142":{"start":{"line":345,"column":4},"end":{"line":347,"column":5}},"143":{"start":{"line":346,"column":6},"end":{"line":346,"column":119}},"144":{"start":{"line":349,"column":4},"end":{"line":349,"column":22}},"145":{"start":{"line":351,"column":4},"end":{"line":379,"column":5}},"146":{"start":{"line":355,"column":6},"end":{"line":355,"column":35}},"147":{"start":{"line":356,"column":6},"end":{"line":356,"column":49}},"148":{"start":{"line":357,"column":6},"end":{"line":357,"column":49}},"149":{"start":{"line":363,"column":6},"end":{"line":366,"column":7}},"150":{"start":{"line":364,"column":8},"end":{"line":364,"column":65}},"151":{"start":{"line":365,"column":8},"end":{"line":365,"column":95}},"152":{"start":{"line":369,"column":6},"end":{"line":378,"column":7}},"153":{"start":{"line":370,"column":8},"end":{"line":370,"column":30}},"154":{"start":{"line":371,"column":8},"end":{"line":371,"column":51}},"155":{"start":{"line":372,"column":13},"end":{"line":378,"column":7}},"156":{"start":{"line":373,"column":8},"end":{"line":373,"column":39}},"157":{"start":{"line":374,"column":8},"end":{"line":374,"column":60}},"158":{"start":{"line":375,"column":13},"end":{"line":378,"column":7}},"159":{"start":{"line":376,"column":8},"end":{"line":376,"column":20}},"160":{"start":{"line":377,"column":8},"end":{"line":377,"column":69}},"161":{"start":{"line":382,"column":2},"end":{"line":385,"column":4}},"162":{"start":{"line":401,"column":0},"end":{"line":430,"column":1}},"163":{"start":{"line":402,"column":2},"end":{"line":402,"column":50}},"164":{"start":{"line":403,"column":2},"end":{"line":403,"column":49}},"165":{"start":{"line":405,"column":2},"end":{"line":427,"column":3}},"166":{"start":{"line":407,"column":4},"end":{"line":419,"column":7}},"167":{"start":{"line":418,"column":8},"end":{"line":418,"column":41}},"168":{"start":{"line":421,"column":4},"end":{"line":421,"column":24}},"169":{"start":{"line":422,"column":4},"end":{"line":422,"column":54}},"170":{"start":{"line":424,"column":4},"end":{"line":424,"column":39}},"171":{"start":{"line":425,"column":4},"end":{"line":425,"column":23}},"172":{"start":{"line":426,"column":4},"end":{"line":426,"column":14}},"173":{"start":{"line":429,"column":2},"end":{"line":429,"column":41}},"174":{"start":{"line":444,"column":0},"end":{"line":524,"column":1}},"175":{"start":{"line":445,"column":2},"end":{"line":445,"column":26}},"176":{"start":{"line":446,"column":2},"end":{"line":446,"column":54}},"177":{"start":{"line":447,"column":2},"end":{"line":447,"column":37}},"178":{"start":{"line":448,"column":2},"end":{"line":448,"column":38}},"179":{"start":{"line":449,"column":2},"end":{"line":449,"column":21}},"180":{"start":{"line":451,"column":2},"end":{"line":453,"column":3}},"181":{"start":{"line":452,"column":4},"end":{"line":452,"column":11}},"182":{"start":{"line":455,"column":2},"end":{"line":455,"column":104}},"183":{"start":{"line":456,"column":2},"end":{"line":456,"column":59}},"184":{"start":{"line":457,"column":2},"end":{"line":457,"column":69}},"185":{"start":{"line":459,"column":2},"end":{"line":468,"column":3}},"186":{"start":{"line":460,"column":4},"end":{"line":460,"column":90}},"187":{"start":{"line":462,"column":4},"end":{"line":462,"column":48}},"188":{"start":{"line":463,"column":4},"end":{"line":463,"column":54}},"189":{"start":{"line":465,"column":4},"end":{"line":467,"column":5}},"190":{"start":{"line":466,"column":6},"end":{"line":466,"column":55}},"191":{"start":{"line":471,"column":2},"end":{"line":522,"column":3}},"192":{"start":{"line":472,"column":4},"end":{"line":472,"column":32}},"193":{"start":{"line":473,"column":4},"end":{"line":473,"column":47}},"194":{"start":{"line":474,"column":4},"end":{"line":474,"column":14}},"195":{"start":{"line":475,"column":4},"end":{"line":475,"column":56}},"196":{"start":{"line":476,"column":9},"end":{"line":522,"column":3}},"197":{"start":{"line":478,"column":4},"end":{"line":521,"column":9}},"198":{"start":{"line":479,"column":6},"end":{"line":479,"column":16}},"199":{"start":{"line":481,"column":6},"end":{"line":486,"column":7}},"200":{"start":{"line":482,"column":8},"end":{"line":482,"column":50}},"201":{"start":{"line":484,"column":8},"end":{"line":484,"column":42}},"202":{"start":{"line":485,"column":8},"end":{"line":485,"column":38}},"203":{"start":{"line":488,"column":6},"end":{"line":520,"column":11}},"204":{"start":{"line":492,"column":10},"end":{"line":497,"column":11}},"205":{"start":{"line":493,"column":12},"end":{"line":493,"column":22}},"206":{"start":{"line":494,"column":12},"end":{"line":494,"column":64}},"207":{"start":{"line":496,"column":12},"end":{"line":496,"column":35}},"208":{"start":{"line":499,"column":10},"end":{"line":509,"column":11}},"209":{"start":{"line":500,"column":12},"end":{"line":506,"column":13}},"210":{"start":{"line":501,"column":14},"end":{"line":505,"column":15}},"211":{"start":{"line":502,"column":16},"end":{"line":502,"column":57}},"212":{"start":{"line":504,"column":16},"end":{"line":504,"column":44}},"213":{"start":{"line":507,"column":12},"end":{"line":507,"column":51}},"214":{"start":{"line":508,"column":12},"end":{"line":508,"column":31}},"215":{"start":{"line":511,"column":10},"end":{"line":515,"column":11}},"216":{"start":{"line":512,"column":12},"end":{"line":514,"column":109}},"217":{"start":{"line":517,"column":10},"end":{"line":517,"column":43}},"218":{"start":{"line":519,"column":10},"end":{"line":519,"column":27}}},"branchMap":{"1":{"line":60,"type":"binary-expr","locations":[{"start":{"line":60,"column":12},"end":{"line":60,"column":19}},{"start":{"line":60,"column":23},"end":{"line":60,"column":25}}]},"2":{"line":62,"type":"if","locations":[{"start":{"line":62,"column":2},"end":{"line":62,"column":2}},{"start":{"line":62,"column":2},"end":{"line":62,"column":2}}]},"3":{"line":66,"type":"if","locations":[{"start":{"line":66,"column":2},"end":{"line":66,"column":2}},{"start":{"line":66,"column":2},"end":{"line":66,"column":2}}]},"4":{"line":77,"type":"binary-expr","locations":[{"start":{"line":77,"column":14},"end":{"line":77,"column":37}},{"start":{"line":77,"column":41},"end":{"line":77,"column":54}}]},"5":{"line":81,"type":"if","locations":[{"start":{"line":81,"column":2},"end":{"line":81,"column":2}},{"start":{"line":81,"column":2},"end":{"line":81,"column":2}}]},"6":{"line":116,"type":"if","locations":[{"start":{"line":116,"column":2},"end":{"line":116,"column":2}},{"start":{"line":116,"column":2},"end":{"line":116,"column":2}}]},"7":{"line":139,"type":"cond-expr","locations":[{"start":{"line":139,"column":29},"end":{"line":139,"column":46}},{"start":{"line":139,"column":49},"end":{"line":139,"column":51}}]},"8":{"line":144,"type":"if","locations":[{"start":{"line":144,"column":4},"end":{"line":144,"column":4}},{"start":{"line":144,"column":4},"end":{"line":144,"column":4}}]},"9":{"line":148,"type":"if","locations":[{"start":{"line":148,"column":4},"end":{"line":148,"column":4}},{"start":{"line":148,"column":4},"end":{"line":148,"column":4}}]},"10":{"line":154,"type":"if","locations":[{"start":{"line":154,"column":4},"end":{"line":154,"column":4}},{"start":{"line":154,"column":4},"end":{"line":154,"column":4}}]},"11":{"line":156,"type":"if","locations":[{"start":{"line":156,"column":11},"end":{"line":156,"column":11}},{"start":{"line":156,"column":11},"end":{"line":156,"column":11}}]},"12":{"line":161,"type":"if","locations":[{"start":{"line":161,"column":6},"end":{"line":161,"column":6}},{"start":{"line":161,"column":6},"end":{"line":161,"column":6}}]},"13":{"line":163,"type":"if","locations":[{"start":{"line":163,"column":13},"end":{"line":163,"column":13}},{"start":{"line":163,"column":13},"end":{"line":163,"column":13}}]},"14":{"line":187,"type":"if","locations":[{"start":{"line":187,"column":2},"end":{"line":187,"column":2}},{"start":{"line":187,"column":2},"end":{"line":187,"column":2}}]},"15":{"line":189,"type":"if","locations":[{"start":{"line":189,"column":6},"end":{"line":189,"column":6}},{"start":{"line":189,"column":6},"end":{"line":189,"column":6}}]},"16":{"line":237,"type":"if","locations":[{"start":{"line":237,"column":4},"end":{"line":237,"column":4}},{"start":{"line":237,"column":4},"end":{"line":237,"column":4}}]},"17":{"line":239,"type":"if","locations":[{"start":{"line":239,"column":11},"end":{"line":239,"column":11}},{"start":{"line":239,"column":11},"end":{"line":239,"column":11}}]},"18":{"line":243,"type":"binary-expr","locations":[{"start":{"line":243,"column":15},"end":{"line":243,"column":18}},{"start":{"line":243,"column":22},"end":{"line":243,"column":49}}]},"19":{"line":249,"type":"if","locations":[{"start":{"line":249,"column":6},"end":{"line":249,"column":6}},{"start":{"line":249,"column":6},"end":{"line":249,"column":6}}]},"20":{"line":251,"type":"if","locations":[{"start":{"line":251,"column":13},"end":{"line":251,"column":13}},{"start":{"line":251,"column":13},"end":{"line":251,"column":13}}]},"21":{"line":252,"type":"if","locations":[{"start":{"line":252,"column":8},"end":{"line":252,"column":8}},{"start":{"line":252,"column":8},"end":{"line":252,"column":8}}]},"22":{"line":254,"type":"if","locations":[{"start":{"line":254,"column":12},"end":{"line":254,"column":12}},{"start":{"line":254,"column":12},"end":{"line":254,"column":12}}]},"23":{"line":257,"type":"if","locations":[{"start":{"line":257,"column":14},"end":{"line":257,"column":14}},{"start":{"line":257,"column":14},"end":{"line":257,"column":14}}]},"24":{"line":267,"type":"if","locations":[{"start":{"line":267,"column":13},"end":{"line":267,"column":13}},{"start":{"line":267,"column":13},"end":{"line":267,"column":13}}]},"25":{"line":268,"type":"if","locations":[{"start":{"line":268,"column":8},"end":{"line":268,"column":8}},{"start":{"line":268,"column":8},"end":{"line":268,"column":8}}]},"26":{"line":296,"type":"if","locations":[{"start":{"line":296,"column":2},"end":{"line":296,"column":2}},{"start":{"line":296,"column":2},"end":{"line":296,"column":2}}]},"27":{"line":296,"type":"binary-expr","locations":[{"start":{"line":296,"column":7},"end":{"line":296,"column":18}},{"start":{"line":296,"column":23},"end":{"line":296,"column":33}},{"start":{"line":297,"column":7},"end":{"line":297,"column":18}},{"start":{"line":297,"column":23},"end":{"line":297,"column":57}},{"start":{"line":298,"column":7},"end":{"line":298,"column":19}},{"start":{"line":298,"column":23},"end":{"line":298,"column":43}}]},"28":{"line":336,"type":"if","locations":[{"start":{"line":336,"column":2},"end":{"line":336,"column":2}},{"start":{"line":336,"column":2},"end":{"line":336,"column":2}}]},"29":{"line":338,"type":"if","locations":[{"start":{"line":338,"column":4},"end":{"line":338,"column":4}},{"start":{"line":338,"column":4},"end":{"line":338,"column":4}}]},"30":{"line":345,"type":"if","locations":[{"start":{"line":345,"column":4},"end":{"line":345,"column":4}},{"start":{"line":345,"column":4},"end":{"line":345,"column":4}}]},"31":{"line":356,"type":"cond-expr","locations":[{"start":{"line":356,"column":25},"end":{"line":356,"column":41}},{"start":{"line":356,"column":44},"end":{"line":356,"column":48}}]},"32":{"line":357,"type":"cond-expr","locations":[{"start":{"line":357,"column":25},"end":{"line":357,"column":41}},{"start":{"line":357,"column":44},"end":{"line":357,"column":48}}]},"33":{"line":363,"type":"if","locations":[{"start":{"line":363,"column":6},"end":{"line":363,"column":6}},{"start":{"line":363,"column":6},"end":{"line":363,"column":6}}]},"34":{"line":363,"type":"binary-expr","locations":[{"start":{"line":363,"column":11},"end":{"line":363,"column":31}},{"start":{"line":363,"column":37},"end":{"line":363,"column":55}},{"start":{"line":363,"column":62},"end":{"line":363,"column":67}},{"start":{"line":363,"column":71},"end":{"line":363,"column":74}},{"start":{"line":363,"column":79},"end":{"line":363,"column":90}}]},"35":{"line":369,"type":"if","locations":[{"start":{"line":369,"column":6},"end":{"line":369,"column":6}},{"start":{"line":369,"column":6},"end":{"line":369,"column":6}}]},"36":{"line":369,"type":"binary-expr","locations":[{"start":{"line":369,"column":10},"end":{"line":369,"column":24}},{"start":{"line":369,"column":28},"end":{"line":369,"column":40}}]},"37":{"line":372,"type":"if","locations":[{"start":{"line":372,"column":13},"end":{"line":372,"column":13}},{"start":{"line":372,"column":13},"end":{"line":372,"column":13}}]},"38":{"line":375,"type":"if","locations":[{"start":{"line":375,"column":13},"end":{"line":375,"column":13}},{"start":{"line":375,"column":13},"end":{"line":375,"column":13}}]},"39":{"line":402,"type":"binary-expr","locations":[{"start":{"line":402,"column":11},"end":{"line":402,"column":17}},{"start":{"line":402,"column":21},"end":{"line":402,"column":31}},{"start":{"line":402,"column":35},"end":{"line":402,"column":50}}]},"40":{"line":403,"type":"binary-expr","locations":[{"start":{"line":403,"column":12},"end":{"line":403,"column":19}},{"start":{"line":403,"column":23},"end":{"line":403,"column":48}}]},"41":{"line":405,"type":"if","locations":[{"start":{"line":405,"column":2},"end":{"line":405,"column":2}},{"start":{"line":405,"column":2},"end":{"line":405,"column":2}}]},"42":{"line":451,"type":"if","locations":[{"start":{"line":451,"column":2},"end":{"line":451,"column":2}},{"start":{"line":451,"column":2},"end":{"line":451,"column":2}}]},"43":{"line":459,"type":"if","locations":[{"start":{"line":459,"column":2},"end":{"line":459,"column":2}},{"start":{"line":459,"column":2},"end":{"line":459,"column":2}}]},"44":{"line":459,"type":"binary-expr","locations":[{"start":{"line":459,"column":6},"end":{"line":459,"column":25}},{"start":{"line":459,"column":29},"end":{"line":459,"column":59}}]},"45":{"line":465,"type":"if","locations":[{"start":{"line":465,"column":4},"end":{"line":465,"column":4}},{"start":{"line":465,"column":4},"end":{"line":465,"column":4}}]},"46":{"line":471,"type":"if","locations":[{"start":{"line":471,"column":2},"end":{"line":471,"column":2}},{"start":{"line":471,"column":2},"end":{"line":471,"column":2}}]},"47":{"line":476,"type":"if","locations":[{"start":{"line":476,"column":9},"end":{"line":476,"column":9}},{"start":{"line":476,"column":9},"end":{"line":476,"column":9}}]},"48":{"line":481,"type":"if","locations":[{"start":{"line":481,"column":6},"end":{"line":481,"column":6}},{"start":{"line":481,"column":6},"end":{"line":481,"column":6}}]},"49":{"line":492,"type":"if","locations":[{"start":{"line":492,"column":10},"end":{"line":492,"column":10}},{"start":{"line":492,"column":10},"end":{"line":492,"column":10}}]},"50":{"line":492,"type":"binary-expr","locations":[{"start":{"line":492,"column":14},"end":{"line":492,"column":20}},{"start":{"line":492,"column":25},"end":{"line":492,"column":65}}]},"51":{"line":499,"type":"if","locations":[{"start":{"line":499,"column":10},"end":{"line":499,"column":10}},{"start":{"line":499,"column":10},"end":{"line":499,"column":10}}]},"52":{"line":500,"type":"if","locations":[{"start":{"line":500,"column":12},"end":{"line":500,"column":12}},{"start":{"line":500,"column":12},"end":{"line":500,"column":12}}]},"53":{"line":501,"type":"if","locations":[{"start":{"line":501,"column":14},"end":{"line":501,"column":14}},{"start":{"line":501,"column":14},"end":{"line":501,"column":14}}]},"54":{"line":511,"type":"if","locations":[{"start":{"line":511,"column":10},"end":{"line":511,"column":10}},{"start":{"line":511,"column":10},"end":{"line":511,"column":10}}]},"55":{"line":511,"type":"binary-expr","locations":[{"start":{"line":511,"column":14},"end":{"line":511,"column":19}},{"start":{"line":511,"column":23},"end":{"line":511,"column":53}}]},"56":{"line":514,"type":"binary-expr","locations":[{"start":{"line":514,"column":43},"end":{"line":514,"column":54}},{"start":{"line":514,"column":58},"end":{"line":514,"column":60}}]},"57":{"line":514,"type":"binary-expr","locations":[{"start":{"line":514,"column":71},"end":{"line":514,"column":80}},{"start":{"line":514,"column":84},"end":{"line":514,"column":86}}]}},"code":["","const DEFAULT_INDEX = 'index.html';","","const HTTP_STATUS_OK = 200;","const HTTP_STATUS_PARTIAL_CONTENT = 206;","const HTTP_STATUS_NOT_MODIFIED = 304;","const HTTP_STATUS_ERR = 500;","const HTTP_STATUS_BAD_REQUEST = 400;","const HTTP_STATUS_FORBIDDEN = 403;","const HTTP_STATUS_NOT_FOUND = 404;","const HTTP_STATUS_INVALID_METHOD = 405;","const HTTP_STATUS_REQUEST_RANGE_NOT_SATISFIABLE = 416;","","const VALID_HTTP_METHODS = ['GET', 'HEAD'];","","const RANGE_REQUEST_HEADER_TEST = /^bytes=/;","const RANGE_REQUEST_HEADER_PATTERN = /\\d*-\\d*/g;","","const TIME_MS_PRECISION = 3;","","const MULTIPART_SEPARATOR = '--MULTIPARTSEPERATORaufielqbghgzwr';","","const NEWLINE = '\\n';","","","var EventEmitter = require('events').EventEmitter;","var util         = require('util');","var http         = require('http');","var url          = require('url');","var mime         = require('mime');","var path         = require('path');","var fs           = require('fs');","var slice        = Array.prototype.slice;","","","/**","Exposes the StaticServer class","*/","module.exports = StaticServer;","","","/**","Create a new instance of StaticServer class","","Options are :","   - name          the server name, what will be sent as \"X-Powered-by\"","   - host          the host interface where the server will listen to. If not specified,","                   the server will listen on any networking interfaces","   - cors          a cors header, will be sent as \"Access-Control-Allow-Origin\",","   - port          the listening port number","   - rootPath      the serving root path. Any file above that path will be denied","   - followSymlink true to follow any symbolic link, false to forbid","   - templates","      - index      the default index file to server for a directory (default 'index.html')","      - notFound   the 404 error template","","@param options {Object}","*/","function StaticServer(options) {","  options = options || {};","","  if (!options.rootPath) {","    throw new Error('Root path not specified');","  }","","  if(!options.templates){","    options.templates = {};","  }","","  this.name = options.name;","  this.host = options.host;","  this.port = options.port;","  this.cors = options.cors;","  this.rootPath = path.resolve(options.rootPath);","  this.followSymlink = !!options.followSymlink;","  this.templates = {","    'index': (options.templates.index || DEFAULT_INDEX),","    'notFound': options.templates.notFound","  };","","  if (options.index) {","    console.log(\"options.index is now deprecated please use options.templates.index instead.\");","    this.templates.index = options.index;","  }","","  Object.defineProperty(this, '_socket', {","    configurable: true,","    enumerable: false,","    writable: true,","    value: null","  });","","}","util.inherits(StaticServer, EventEmitter);","","/**","Expose the http.STATUS_CODES object","*/","StaticServer.STATUS_CODES = http.STATUS_CODES;","","","/**","Start listening on the given host:port","","@param callback {Function}    the function to call once the server is ready","*/","StaticServer.prototype.start = function start(callback) {","  this._socket = http.createServer(requestHandler(this)).listen(this.port, this.host, callback);","}","","","/**","Stop listening","*/","StaticServer.prototype.stop = function stop() {","  if (this._socket) {","    this._socket.close();","    this._socket = null;","  }","}","","","/**","Return the server's request handler function","","@param server {StaticServer}  server instance","@return {Function}","*/","function requestHandler(server) {","  return function handler(req, res) {","    var uri = req.path = url.parse(req.url).pathname;","    var filename = path.join(server.rootPath, uri);","    var timestamp = process.hrtime();","","    // add a property to get the elapsed time since the request was issued","    Object.defineProperty(req, 'elapsedTime', {","      get: function getElapsedTime() {","        var elapsed = process.hrtime(timestamp);","        return (elapsed[0] ? elapsed[0] + 's ' : '') + (elapsed[1] / 1000000).toFixed(TIME_MS_PRECISION) + 'ms';","      }","    });","","    res.headers = {};","    if (server.name) {","      res.headers['X-Powered-By'] = server.name;","    }","","    if (server.cors) {","      res.headers['Access-Control-Allow-Origin'] = server.cors;","    }","","    server.emit('request', req);","","    if (VALID_HTTP_METHODS.indexOf(req.method) === -1) {","      return sendError(server, req, res, null, HTTP_STATUS_INVALID_METHOD);","    } else if (!validPath(server.rootPath, filename)) {","      return sendError(server, req, res, null, HTTP_STATUS_FORBIDDEN);","    }","","    getFileStats(server, [filename, path.join(filename, server.templates.index)], function (err, stat, file, index) {","      if (err) {","        handleError(server, req, res, err);","      } else if (stat.isDirectory()) {","        //","        // TODO : handle directory listing here","        //","        sendError(server, req, res, null, HTTP_STATUS_FORBIDDEN);","      } else {","        sendFile(server, req, res, stat, file);","      }","    });","  };","}","","","/**","Handle an error","","Currently assumes that the only error would be a 404 error.","","@param server {StaticServer} server instance","@param req {Object} request Object","@param res {Object} response Object","@param err {Object} the error to handle","*/","function handleError(server, req, res, err){","  if(server.templates.notFound){","    getFileStats(server, [server.templates.notFound], function(err, stat, file, index){","      if (err) {","        sendError(server, req, res, null, HTTP_STATUS_NOT_FOUND);","      } else {","        res.status = HTTP_STATUS_NOT_FOUND;","        sendFile(server, req, res, stat, file);","      }","    });","  }else{","    sendError(server, req, res, null, HTTP_STATUS_NOT_FOUND);","  }","}","","","","/**","Check that path is valid so we don't access invalid resources","","@param rootPath {String}    the server root path","@param file {String}        the path to validate","*/","function validPath(rootPath, file) {","  var resolvedPath = path.resolve(rootPath, file);","","  // only if we are still in the rootPath of the static site","  return resolvedPath.indexOf(rootPath) === 0;","}","","","/**","Get stats for the given file(s). The function will return the stats for the","first valid (i.e. found) file or directory.","","    getFile(server, ['file1', 'file2'], callback);","","The callback function receives four arguments; an error if any, a stats object,","the file name matching the stats found, and the actual index of the file from","the provided list of files.","","@param server {StaticServer}    the StaticServer instance","@param files {Array}            list of files","@param callback {Function}      a callback function","*/","function getFileStats(server, files, callback) {","  var dirFound;","  var dirStat;","  var dirIndex;","","  function checkNext(err, index) {","    if (files.length) {","      next(files.shift(), index + 1);","    } else if (dirFound) {","      // if a directory was found at some point, return it and ignore the error","      callback(null, dirStat, dirFound, dirIndex);","    } else {","      callback(err || new Error('File not found'));","    }","  }","","  function next(file, index) {","    fs.lstat(file, function (err, stat) {","      if (err) {","        checkNext(err, index);","      } else if (stat.isSymbolicLink()) {","        if (server.followSymlink) {","          fs.readlink(file, function (err, fileRef) {","            if (err) {","              checkNext(err, index);","            } else {","              if (!path.isAbsolute(fileRef)) {","                fileRef = path.join( path.dirname(file), fileRef );","              }","              server.emit('symbolicLink', fileRef);","              next(fileRef, index);","            }","          });","        } else {","          callback(new Error('Symbolic link not allowed'));","        }","      } else if (stat.isDirectory()) {","        if (!dirFound) {","          dirFound = file;","          dirStat = stat;","          dirIndex = index;","        }","        checkNext(null, index);","      } else {","        callback(null, stat, file, index);","      }","    });","  }","","  checkNext(null, 0);","}","","","/**","Validate that this file is not client cached","","@param req {Object}       the request object","@param res {Object}       the response object","@return {boolean}         true if the file is client cached","*/","function validateClientCache(server, req, res, stat) {","  var mtime         = stat.mtime.getTime();","  var clientETag  = req.headers['if-none-match'];","  var clientMTime = Date.parse(req.headers['if-modified-since']);","","  if ((clientMTime  || clientETag) &&","      (!clientETag  || clientETag === res.headers['Etag']) &&","      (!clientMTime || clientMTime >= mtime)) {","","    // NOT MODIFIED responses should not contain entity headers","    [","      'Content-Encoding',","      'Content-Language',","      'Content-Length',","      'Content-Location',","      'Content-MD5',","      'Content-Range',","      'Content-Type',","      'Expires',","      'Last-Modified'","    ].forEach(function(entityHeader) {","        delete res.headers[entityHeader];","    });","","    res.status = HTTP_STATUS_NOT_MODIFIED;","","    res.writeHead(res.status, res.headers);","    res.end();","","    server.emit('response', req, res);","","    return true;","  } else {","    return false;","  }","}","","function parseRanges(req, res, size) {","  var ranges;","  var start;","  var end;","  var i;","  var originalSize = size;","","  // support range headers","  if (req.headers.range) {","    // 'bytes=100-200,300-400'  --> ['100-200','300-400']","    if (!RANGE_REQUEST_HEADER_TEST.test(req.headers.range)) {","      return sendError(req, res, null, HTTP_STATUS_BAD_REQUEST, 'Invalid Range Headers: ' + req.headers.range);","    }","","    ranges = req.headers.range.match(RANGE_REQUEST_HEADER_PATTERN);","    size = 0;","","    if (!ranges) {","      return sendError(server, req, res, null, HTTP_STATUS_BAD_REQUEST, 'Invalid Range Headers: ' + req.headers.range);","    }","","    i = ranges.length;","","    while (--i >= 0) {","      // 100-200 --> [100, 200]   = bytes 100 to 200","      // -200    --> [null, 200]  = last 100 bytes","      // 100-    --> [100, null]  = bytes 100 to end","      range = ranges[i].split('-');","      start = range[0] ? Number(range[0]) : null;","      end   = range[1] ? Number(range[1]) : null;","","      // check if requested range is valid:","      //   - check it is within file range","      //   - check that start is smaller than end, if both are set","","      if ((start > originalSize) || (end > originalSize) || ((start && end) && start > end)) {","        res.headers['Content-Range'] = 'bytes=0-' + originalSize;","        return sendError(server, req, res, null, DEFAULT_STATUS_REQUEST_RANGE_NOT_SATISFIABLE);","      }","","      // update size","      if (start !== null && end !== null) {","        size += (end - start);","        ranges[i] = { start: start, end: end + 1 };","      } else if (start !== null) {","        size += (originalSize - start);","        ranges[i] = { start: start, end: originalSize + 1 };","      } else if (end !== null) {","        size += end;","        ranges[i] = { start: originalSize - end, end: originalSize };","      }","    }","  }","","  return {","    ranges: ranges,","    size: size","  };","}","","","/**","Send error back to the client. If `status` is not specified, a value","of 500 is used. If `message` is not specified, the default message for","the given status is returned.","","@param server {StaticServer} the server instance","@param req {Object}          the request object","@param res {Object}          the response object","@param err {Object}          an Error object, if any","@param status {Number}       the status (default 500)","@param message {String}      the status message (optional)","*/","function sendError(server, req, res, err, status, message) {","  status = status || res.status || HTTP_STATUS_ERR","  message = message || http.STATUS_CODES[status];","","  if (status >= 400) {","    // ERR responses should not contain entity headers","    [","      'Content-Encoding',","      'Content-Language',","      'Content-Length',","      'Content-Location',","      'Content-MD5',","      //      'Content-Range', // Error 416 SHOULD contain this header","      'Etag',","      'Expires',","      'Last-Modified'","    ].forEach(function(entityHeader) {","        delete res.headers[entityHeader];","    });","","    res.status = status;","    res.headers['Content-Type'] = mime.lookup('text');","","    res.writeHead(status, res.headers);","    res.write(message);","    res.end();","  }","","  server.emit('response', req, res, err);","}","","","/**","Send a file back at the client. If the file is not found, an error 404","will be returned. If the file cannot be read, for any reason, an error 500","will be read and the error will be sent to stderr","","@param server {StaticServer} the server instance","@param req {Object}          the request object","@param res {Object}          the response object","@param stat {Object}         the actual file stat","@param file {String}         the absolute file path","*/","function sendFile(server, req, res, stat, file) {","  var headersSent = false;","  var contentParts = parseRanges(req, res, stat.size);","  var streamOptions = { flags: 'r' };","  var contentType = mime.lookup(file);","  var rangeIndex = 0;","","  if (!contentParts) {","    return;  // ranges failed, abort","  }","","  res.headers['Etag']           = JSON.stringify([stat.ino, stat.size, stat.mtime.getTime()].join('-'));","  res.headers['Date']           = new Date().toUTCString();","  res.headers['Last-Modified']  = new Date(stat.mtime).toUTCString();","","  if (contentParts.ranges && contentParts.ranges.length > 1) {","    res.headers['Content-Type'] = 'multipart/byteranges; boundary=' + MULTIPART_SEPARATOR;","  } else {","    res.headers['Content-Type']   = contentType;","    res.headers['Content-Length'] = contentParts.size;","","    if (contentParts.ranges) {","      res.headers['Content-Range'] = req.headers.range;","    }","  }","","  // return only headers if request method is HEAD","  if (req.method === 'HEAD') {","    res.status = HTTP_STATUS_OK;","    res.writeHead(HTTP_STATUS_OK, res.headers);","    res.end();","    server.emit('response', req, res, null, file, stat);","  } else if (!validateClientCache(server, req, res, stat, file)) {","","    (function sendNext() {","      var range;","","      if (contentParts.ranges) {","        range = contentParts.ranges[rangeIndex++];","","        streamOptions.start = range.start;","        streamOptions.end = range.end;","      }","","      fs.createReadStream(file, streamOptions)","        .on('close', function () {","          // close response when there are no ranges defined","          // or when the last range has been read","          if (!range || (rangeIndex >= contentParts.ranges.length)) {","            res.end();","            server.emit('response', req, res, null, file, stat);","          } else {","            setImmediate(sendNext);","          }","        }).on('open', function (fd) {","          if (!headersSent) {","            if (!res.status){","              if (range) {","                res.status = HTTP_STATUS_PARTIAL_CONTENT;","              } else {","                res.status = HTTP_STATUS_OK;","              }","            }","            res.writeHead(res.status, res.headers);","            headersSent = true;","          }","","          if (range && contentParts.ranges.length > 1) {","            res.write(MULTIPART_SEPARATOR + NEWLINE +","                      'Content-Type: ' + contentType + NEWLINE +","                      'Content-Range: ' + (range.start || '') + '-' + (range.end || '') + NEWLINE + NEWLINE);","          }","        }).on('error', function (err) {","          sendError(server, req, res, err);","        }).on('data', function (chunk) {","          res.write(chunk);","        });","    })();","  }","","}",""],"l":{"2":1,"4":1,"5":1,"6":1,"7":1,"8":1,"9":1,"10":1,"11":1,"12":1,"14":1,"16":1,"17":1,"19":1,"21":1,"23":1,"26":1,"27":1,"28":1,"29":1,"30":1,"31":1,"32":1,"33":1,"39":1,"59":1,"60":0,"62":0,"63":0,"66":0,"67":0,"70":0,"71":0,"72":0,"73":0,"74":0,"75":0,"76":0,"81":0,"82":0,"83":0,"86":0,"94":1,"99":1,"107":1,"108":0,"115":1,"116":0,"117":0,"118":0,"129":1,"130":0,"131":0,"132":0,"133":0,"136":0,"138":0,"139":0,"143":0,"144":0,"145":0,"148":0,"149":0,"152":0,"154":0,"155":0,"156":0,"157":0,"160":0,"161":0,"162":0,"163":0,"167":0,"169":0,"186":1,"187":0,"188":0,"189":0,"190":0,"192":0,"193":0,"197":0,"209":1,"210":0,"213":0,"231":1,"232":0,"233":0,"234":0,"236":1,"237":0,"238":0,"239":0,"241":0,"243":0,"247":1,"248":0,"249":0,"250":0,"251":0,"252":0,"253":0,"254":0,"255":0,"257":0,"258":0,"260":0,"261":0,"265":0,"267":0,"268":0,"269":0,"270":0,"271":0,"273":0,"275":0,"280":0,"291":1,"292":0,"293":0,"294":0,"296":0,"301":0,"312":0,"315":0,"317":0,"318":0,"320":0,"322":0,"324":0,"328":1,"329":0,"330":0,"331":0,"332":0,"333":0,"336":0,"338":0,"339":0,"342":0,"343":0,"345":0,"346":0,"349":0,"351":0,"355":0,"356":0,"357":0,"363":0,"364":0,"365":0,"369":0,"370":0,"371":0,"372":0,"373":0,"374":0,"375":0,"376":0,"377":0,"382":0,"401":1,"402":0,"403":0,"405":0,"407":0,"418":0,"421":0,"422":0,"424":0,"425":0,"426":0,"429":0,"444":1,"445":0,"446":0,"447":0,"448":0,"449":0,"451":0,"452":0,"455":0,"456":0,"457":0,"459":0,"460":0,"462":0,"463":0,"465":0,"466":0,"471":0,"472":0,"473":0,"474":0,"475":0,"476":0,"478":0,"479":0,"481":0,"482":0,"484":0,"485":0,"488":0,"492":0,"493":0,"494":0,"496":0,"499":0,"500":0,"501":0,"502":0,"504":0,"507":0,"508":0,"511":0,"512":0,"517":0,"519":0}}}